2025-12-17 18:05:22 [INFO]: El servidor está escuchando en el puerto 3000
2025-12-17 18:05:27 [INFO]: ✅ Mongoose conectado a MongoDB en: edisoncloud-shard-00-01.ux4si.mongodb.net
2025-12-17 18:05:27 [INFO]: 🚀 MongoDB conectado correctamente
2025-12-17 18:05:31 [ERROR]: Error inesperado: connect ETIMEDOUT
2025-12-17 18:05:32 [ERROR]: No se pudo conectar a la base de datos: connect ETIMEDOUT
2025-12-17 18:05:32 [ERROR]: Error al sincronizar la Base de Datos: SequelizeConnectionError: connect ETIMEDOUT
2025-12-17 18:06:33 [INFO]: El servidor está escuchando en el puerto 3000
2025-12-17 18:06:33 [INFO]: Base de datos conectada
2025-12-17 18:06:34 [INFO]: Conexión establecida con la base de datos
2025-12-17 18:06:41 [INFO]: ✅ Mongoose conectado a MongoDB en: edisoncloud-shard-00-02.ux4si.mongodb.net
2025-12-17 18:06:41 [INFO]: 🚀 MongoDB conectado correctamente
2025-12-17 18:06:58 [INFO]: Base de Datos sincronizadas
2025-12-17 18:11:21 [INFO]: El servidor está escuchando en el puerto 3000
2025-12-17 18:11:23 [INFO]: Conexión establecida con la base de datos
2025-12-17 18:11:25 [INFO]: Base de datos conectada
2025-12-17 18:11:26 [INFO]: ✅ Mongoose conectado a MongoDB en: edisoncloud-shard-00-00.ux4si.mongodb.net
2025-12-17 18:11:26 [INFO]: 🚀 MongoDB conectado correctamente
2025-12-17 18:11:45 [INFO]: Base de Datos sincronizadas
2025-12-17 18:12:02 [INFO]: [0mPOST /auth/login [33m401[0m 121.023 ms - 67[0m
2025-12-17 18:15:43 [INFO]: [0mPOST /auth/register [32m201[0m 747.577 ms - 202[0m
2025-12-17 18:16:15 [INFO]: [0mPOST /auth/login [33m401[0m 150.214 ms - 67[0m
2025-12-17 18:16:23 [INFO]: [0mPOST /auth/login [32m200[0m 386.945 ms - 196[0m
2025-12-17 18:16:37 [INFO]: [0mPOST /auth/login [32m200[0m 600.696 ms - 196[0m
2025-12-17 18:18:14 [INFO]: [0mPOST /auth/register [32m201[0m 590.316 ms - 203[0m
2025-12-17 18:18:27 [INFO]: [0mPOST /auth/login [32m200[0m 595.489 ms - 197[0m
2025-12-17 18:18:51 [INFO]: El servidor está escuchando en el puerto 3000
2025-12-17 22:01:34 [INFO]: El servidor está escuchando en el puerto 3000
2025-12-17 22:01:38 [INFO]: Conexión establecida con la base de datos
2025-12-17 22:01:39 [INFO]: Base de datos conectada
2025-12-17 22:01:40 [INFO]: ✅ Mongoose conectado a MongoDB en: edisoncloud-shard-00-01.ux4si.mongodb.net
2025-12-17 22:01:40 [INFO]: 🚀 MongoDB conectado correctamente
2025-12-17 22:02:00 [INFO]: Base de Datos sincronizadas
2025-12-17 22:03:29 [INFO]: [0mPOST /auth/register [33m400[0m 325.464 ms - 72[0m
2025-12-17 22:04:00 [INFO]: [0mPOST /auth/register [33m400[0m 207.410 ms - 72[0m
2025-12-17 22:04:14 [INFO]: [0mPOST /auth/login [33m401[0m 102.992 ms - 67[0m
2025-12-17 22:04:22 [INFO]: [0mPOST /auth/login [33m401[0m 105.491 ms - 67[0m
2025-12-17 22:04:26 [INFO]: [0mPOST /auth/login [33m401[0m 103.258 ms - 67[0m
2025-12-17 22:04:47 [INFO]: [0mPOST /auth/login [33m401[0m 100.837 ms - 67[0m
2025-12-17 22:05:16 [INFO]: [0mPOST /auth/login [33m401[0m 101.449 ms - 67[0m
2025-12-17 22:05:19 [INFO]: [0mPOST /auth/login [33m401[0m 104.334 ms - 67[0m
2025-12-17 22:11:49 [INFO]: [0mPOST /auth/register [32m201[0m 730.492 ms - 211[0m
2025-12-17 22:12:03 [INFO]: [0mPOST /auth/login [32m200[0m 370.382 ms - 205[0m
2025-12-17 22:53:08 [INFO]: El servidor está escuchando en el puerto 3000
2025-12-17 22:53:10 [INFO]: Base de datos conectada
2025-12-28 20:57:11 [INFO]: El servidor está escuchando en el puerto 3000
2025-12-28 20:57:12 [INFO]: Base de datos conectada
2025-12-28 20:57:13 [INFO]: Conexión establecida con la base de datos
2025-12-28 20:57:13 [INFO]: ✅ Mongoose conectado a MongoDB en: edisoncloud-shard-00-00.ux4si.mongodb.net
2025-12-28 20:57:13 [INFO]: 🚀 MongoDB conectado correctamente
2025-12-28 20:57:29 [INFO]: [0mGET /api-docs?id=17e20d36-2afd-45e2-877a-2f62854d74a5&vscodeBrowserReqId=1766973449113 [36m301[0m 4.018 ms - 235[0m
2025-12-28 20:57:29 [INFO]: [0mGET /api-docs/?id=17e20d36-2afd-45e2-877a-2f62854d74a5&vscodeBrowserReqId=1766973449113 [32m200[0m 2.849 ms - -[0m
2025-12-28 20:57:35 [INFO]: Base de Datos sincronizadas
2025-12-28 20:57:37 [INFO]: [0mGET /api-docs [36m301[0m 1.224 ms - 158[0m
2025-12-28 20:57:37 [INFO]: [0mGET /api-docs/ [32m200[0m 1.097 ms - -[0m
2025-12-28 20:57:37 [INFO]: [0mGET /api-docs/swagger-ui-init.js [32m200[0m 0.859 ms - -[0m
2025-12-28 20:57:37 [INFO]: [0mGET /api-docs/swagger-ui.css [32m200[0m 6.523 ms - -[0m
2025-12-28 20:57:37 [INFO]: [0mGET /api-docs/swagger-ui-init.js [32m200[0m 0.998 ms - -[0m
2025-12-28 20:57:37 [INFO]: [0mGET /api-docs/swagger-ui-standalone-preset.js [32m200[0m 6.176 ms - -[0m
2025-12-28 20:57:37 [INFO]: [0mGET /api-docs/swagger-ui-standalone-preset.js [32m200[0m 1.454 ms - -[0m
2025-12-28 20:57:37 [INFO]: [0mGET /api-docs/swagger-ui-bundle.js [32m200[0m 7.335 ms - -[0m
2025-12-28 20:57:37 [INFO]: [0mGET /api-docs/favicon-32x32.png [32m200[0m 1.415 ms - 628[0m
2025-12-28 20:57:38 [INFO]: [0mGET /api-docs/swagger-ui-bundle.js [32m200[0m 1.321 ms - -[0m
2025-12-28 20:57:53 [ERROR]: Error al mostrar citas: Error: Unknown column 'c.usuarioIdUser' in 'on clause'
2025-12-28 20:57:53 [INFO]: [0mGET /cita/lista [31m500[0m 115.206 ms - 98[0m
2025-12-28 20:58:08 [INFO]: [0mPOST /cita/crear [32m201[0m 431.628 ms - 49[0m
2025-12-28 20:58:41 [ERROR]: Error al mostrar citas: Error: Unknown column 'c.usuarioIdUser' in 'on clause'
2025-12-28 20:58:41 [INFO]: [0mGET /cita/lista [31m500[0m 110.370 ms - 98[0m
2025-12-28 20:58:50 [ERROR]: Error al mostrar citas: Error: Unknown column 'c.usuarioIdUser' in 'on clause'
2025-12-28 20:58:50 [INFO]: [0mGET /cita/lista [31m500[0m 109.082 ms - 98[0m
2025-12-28 21:02:28 [INFO]: El servidor está escuchando en el puerto 3000
2025-12-28 21:02:29 [INFO]: Base de datos conectada
2025-12-28 21:02:29 [INFO]: Conexión establecida con la base de datos
2025-12-28 21:02:30 [INFO]: ✅ Mongoose conectado a MongoDB en: edisoncloud-shard-00-01.ux4si.mongodb.net
2025-12-28 21:02:30 [INFO]: 🚀 MongoDB conectado correctamente
2025-12-28 21:02:46 [INFO]: El servidor está escuchando en el puerto 3000
2025-12-28 21:02:46 [INFO]: Base de datos conectada
2025-12-28 21:02:47 [INFO]: Conexión establecida con la base de datos
2025-12-28 21:02:47 [INFO]: ✅ Mongoose conectado a MongoDB en: edisoncloud-shard-00-00.ux4si.mongodb.net
2025-12-28 21:02:47 [INFO]: 🚀 MongoDB conectado correctamente
2025-12-28 21:02:55 [INFO]: [0mGET /api-docs/ [36m304[0m 4.421 ms - -[0m
2025-12-28 21:02:55 [INFO]: [0mGET /api-docs/swagger-ui.css [36m304[0m 1.755 ms - -[0m
2025-12-28 21:02:55 [INFO]: [0mGET /api-docs/swagger-ui-bundle.js [36m304[0m 3.546 ms - -[0m
2025-12-28 21:02:55 [INFO]: [0mGET /api-docs/swagger-ui-standalone-preset.js [36m304[0m 3.172 ms - -[0m
2025-12-28 21:02:55 [INFO]: [0mGET /api-docs/swagger-ui-init.js [32m200[0m 1.318 ms - -[0m
2025-12-28 21:02:55 [INFO]: [0mGET /api-docs/swagger-ui-standalone-preset.js [36m304[0m 1.643 ms - -[0m
2025-12-28 21:02:55 [INFO]: [0mGET /api-docs/swagger-ui-init.js [32m200[0m 0.676 ms - -[0m
2025-12-28 21:02:55 [INFO]: [0mGET /api-docs/swagger-ui-bundle.js [36m304[0m 1.854 ms - -[0m
2025-12-28 21:02:59 [INFO]: [0mGET /cita/lista [32m200[0m 108.282 ms - 2[0m
2025-12-28 21:03:06 [INFO]: [0mPOST /cita/crear [32m201[0m 379.200 ms - 49[0m
2025-12-28 21:03:09 [INFO]: Base de Datos sincronizadas
2025-12-28 21:03:10 [INFO]: [0mGET /cita/lista [36m304[0m 102.055 ms - -[0m
2025-12-28 21:06:25 [INFO]: El servidor está escuchando en el puerto 3000
2025-12-28 21:06:26 [INFO]: Base de datos conectada
2025-12-28 21:06:26 [INFO]: Conexión establecida con la base de datos
2025-12-28 21:06:27 [INFO]: ✅ Mongoose conectado a MongoDB en: edisoncloud-shard-00-00.ux4si.mongodb.net
2025-12-28 21:06:27 [INFO]: 🚀 MongoDB conectado correctamente
2025-12-28 21:06:38 [INFO]: [0mGET /cita/lista [36m304[0m 121.719 ms - -[0m
2025-12-28 21:06:42 [INFO]: [0mGET /api-docs?id=f0fc19fb-8285-497e-ab96-7b55b75794f7&vscodeBrowserReqId=1766974002427 [36m301[0m 1.397 ms - 235[0m
2025-12-28 21:06:42 [INFO]: [0mGET /api-docs/?id=f0fc19fb-8285-497e-ab96-7b55b75794f7&vscodeBrowserReqId=1766974002427 [32m200[0m 1.681 ms - -[0m
2025-12-28 21:06:50 [INFO]: Base de Datos sincronizadas
2025-12-28 21:07:05 [INFO]: [0mGET /cita/lista [36m304[0m 109.969 ms - -[0m
2025-12-28 21:07:36 [INFO]: El servidor está escuchando en el puerto 3000
2025-12-28 21:07:37 [INFO]: Base de datos conectada
2025-12-28 21:07:37 [INFO]: Conexión establecida con la base de datos
2025-12-28 21:07:38 [INFO]: ✅ Mongoose conectado a MongoDB en: edisoncloud-shard-00-02.ux4si.mongodb.net
2025-12-28 21:07:38 [INFO]: 🚀 MongoDB conectado correctamente
2025-12-28 21:08:13 [INFO]: El servidor está escuchando en el puerto 3000
2025-12-28 21:08:13 [INFO]: Base de datos conectada
2025-12-28 21:08:14 [INFO]: Conexión establecida con la base de datos
2025-12-28 21:08:15 [INFO]: ✅ Mongoose conectado a MongoDB en: edisoncloud-shard-00-01.ux4si.mongodb.net
2025-12-28 21:08:15 [INFO]: 🚀 MongoDB conectado correctamente
2025-12-28 21:08:37 [INFO]: Base de Datos sincronizadas
2025-12-28 21:08:42 [INFO]: [0mGET /cita/lista [32m200[0m 115.988 ms - 2[0m
2025-12-28 21:09:48 [INFO]: [0mGET /cita/lista [32m200[0m 108.531 ms - 2[0m
2025-12-28 21:11:14 [INFO]: [0mGET /cita/lista [36m304[0m 110.380 ms - -[0m
2025-12-28 21:11:30 [INFO]: El servidor está escuchando en el puerto 3000
2025-12-28 21:11:31 [INFO]: Base de datos conectada
2025-12-28 21:11:31 [INFO]: Conexión establecida con la base de datos
2025-12-28 21:11:32 [INFO]: ✅ Mongoose conectado a MongoDB en: edisoncloud-shard-00-02.ux4si.mongodb.net
2025-12-28 21:11:32 [INFO]: 🚀 MongoDB conectado correctamente
2025-12-28 21:11:54 [INFO]: Base de Datos sincronizadas
2025-12-28 21:12:06 [INFO]: El servidor está escuchando en el puerto 3000
2025-12-28 21:12:06 [INFO]: Base de datos conectada
2025-12-28 21:12:07 [INFO]: Conexión establecida con la base de datos
2025-12-28 21:12:07 [INFO]: ✅ Mongoose conectado a MongoDB en: edisoncloud-shard-00-02.ux4si.mongodb.net
2025-12-28 21:12:07 [INFO]: 🚀 MongoDB conectado correctamente
2025-12-28 21:12:30 [INFO]: Base de Datos sincronizadas
2025-12-28 21:12:40 [INFO]: El servidor está escuchando en el puerto 3000
2025-12-28 21:12:40 [INFO]: Base de datos conectada
2025-12-28 21:12:41 [INFO]: Conexión establecida con la base de datos
2025-12-28 21:12:42 [INFO]: ✅ Mongoose conectado a MongoDB en: edisoncloud-shard-00-00.ux4si.mongodb.net
2025-12-28 21:12:42 [INFO]: 🚀 MongoDB conectado correctamente
2025-12-28 21:13:04 [INFO]: Base de Datos sincronizadas
2025-12-28 21:13:36 [INFO]: [0mGET /cita/lista [32m200[0m 1187.562 ms - -[0m
2025-12-28 21:14:12 [INFO]: [0mPUT /cita/actualizar/1 [33m400[0m 12.098 ms - 71[0m
2025-12-28 21:14:31 [INFO]: [0mPUT /cita/actualizar/1 [32m200[0m 382.798 ms - 43[0m
2025-12-28 21:16:51 [INFO]: El servidor está escuchando en el puerto 3000
2025-12-28 21:16:52 [INFO]: Base de datos conectada
2025-12-28 21:16:52 [INFO]: Conexión establecida con la base de datos
2025-12-28 21:16:53 [INFO]: ✅ Mongoose conectado a MongoDB en: edisoncloud-shard-00-02.ux4si.mongodb.net
2025-12-28 21:16:53 [INFO]: 🚀 MongoDB conectado correctamente
2025-12-28 21:17:12 [INFO]: Base de Datos sincronizadas
2025-12-28 21:26:22 [INFO]: [0mPOST /auth/register [32m201[0m 678.090 ms - 189[0m
2025-12-28 21:26:30 [INFO]: [0mPOST /auth/login [32m200[0m 363.630 ms - 183[0m
2025-12-28 21:27:16 [ERROR]: Error al obtener citas del cliente: Error: Unknown column 's.duracionServicio' in 'field list'
2025-12-28 21:27:16 [INFO]: [0mGET /cita/cliente/1 [31m500[0m 96.685 ms - 114[0m
2025-12-28 21:27:17 [WARN]: 404 Not Found: /mascotas/cliente/1
2025-12-28 21:27:17 [WARN]: 404 Not Found: /servicios/lista
2025-12-28 21:27:17 [WARN]: 404 Not Found: /veterinarios/lista
2025-12-28 21:27:18 [INFO]: [0mGET /mascotas/cliente/1 [33m404[0m 1.754 ms - 62[0m
2025-12-28 21:27:18 [INFO]: [0mGET /servicios/lista [33m404[0m 1.223 ms - 62[0m
2025-12-28 21:27:18 [INFO]: [0mGET /veterinarios/lista [33m404[0m 0.959 ms - 62[0m
2025-12-28 21:27:19 [ERROR]: Error al obtener citas del cliente: Error: Unknown column 's.duracionServicio' in 'field list'
2025-12-28 21:27:19 [INFO]: [0mGET /cita/cliente/1 [31m500[0m 95.107 ms - 114[0m
2025-12-28 21:28:16 [ERROR]: Error al obtener citas del cliente: Error: Unknown column 's.duracionServicio' in 'field list'
2025-12-28 21:28:16 [INFO]: [0mGET /cita/cliente/1 [31m500[0m 94.441 ms - 114[0m
2025-12-28 21:28:47 [INFO]: [0mGET /cita/lista [32m200[0m 1393.330 ms - -[0m
2025-12-28 21:29:13 [ERROR]: Error al obtener cita: Error: Unknown column 's.duracionServicio' in 'field list'
2025-12-28 21:29:13 [INFO]: [0mGET /cita/detalle/1 [31m500[0m 295.869 ms - 100[0m
2025-12-28 21:29:37 [INFO]: [0mPOST /cita/crear [32m201[0m 560.489 ms - 49[0m
2025-12-28 21:30:07 [INFO]: [0mDELETE /cita/cancelar/1 [32m200[0m 545.880 ms - 41[0m
2025-12-28 21:32:14 [INFO]: [0mPOST /auth/login [32m200[0m 558.748 ms - 183[0m
2025-12-28 21:32:19 [ERROR]: Error al obtener citas del cliente: Error: Unknown column 's.duracionServicio' in 'field list'
2025-12-28 21:32:19 [INFO]: [0mGET /cita/cliente/1 [31m500[0m 96.269 ms - 114[0m
2025-12-28 21:32:53 [ERROR]: Error al obtener citas del cliente: Error: Unknown column 's.duracionServicio' in 'field list'
2025-12-28 21:32:53 [INFO]: [0mGET /cita/cliente/1 [31m500[0m 94.099 ms - 114[0m
2025-12-28 21:34:41 [INFO]: El servidor está escuchando en el puerto 3000
2025-12-28 21:34:42 [INFO]: Base de datos conectada
2025-12-28 21:34:42 [INFO]: Conexión establecida con la base de datos
2025-12-28 21:34:43 [INFO]: ✅ Mongoose conectado a MongoDB en: edisoncloud-shard-00-02.ux4si.mongodb.net
2025-12-28 21:34:43 [INFO]: 🚀 MongoDB conectado correctamente
2025-12-28 21:35:04 [INFO]: Base de Datos sincronizadas
2025-12-28 21:35:26 [INFO]: [0mGET /cita/cliente/1 [32m200[0m 271.977 ms - 1485[0m
2025-12-28 21:35:42 [INFO]: [0mGET /cita/cliente/1 [32m200[0m 260.431 ms - 1485[0m
2025-12-28 21:36:01 [INFO]: [0mGET /cita/cliente/1 [32m200[0m 258.795 ms - -[0m
2025-12-28 21:36:02 [INFO]: [0mGET /cita/cliente/1 [36m304[0m 258.349 ms - -[0m
2025-12-28 21:36:06 [INFO]: [0mGET /cita/cliente/1 [36m304[0m 258.567 ms - -[0m
2025-12-28 21:37:01 [INFO]: [0mGET /cita/cliente/1 [36m304[0m 259.530 ms - -[0m
2025-12-28 21:37:08 [INFO]: [0mGET /cita/cliente/1 [36m304[0m 259.715 ms - -[0m
2025-12-28 21:37:54 [INFO]: [0mGET /cita/cliente/1 [36m304[0m 257.491 ms - -[0m
2025-12-28 21:38:03 [INFO]: [0mGET /cita/cliente/1 [36m304[0m 259.031 ms - -[0m
2025-12-28 21:38:29 [INFO]: [0mGET /cita/verificar-disponibilidad?fecha=2025-12-29&hora=13:42 [32m200[0m 109.873 ms - 50[0m
2025-12-28 21:38:33 [INFO]: [0mGET /cita/verificar-disponibilidad?fecha=2025-12-29&hora=13:42&idVeterinario=2 [32m200[0m 107.895 ms - 50[0m
2025-12-28 21:38:47 [INFO]: [0mPOST /cita/crear [32m201[0m 405.500 ms - 49[0m
2025-12-28 21:38:49 [INFO]: [0mGET /cita/cliente/1 [32m200[0m 259.215 ms - -[0m
2025-12-28 21:38:54 [INFO]: [0mGET /cita/cliente/1 [36m304[0m 258.987 ms - -[0m
2025-12-28 21:39:37 [INFO]: [0mGET /cita/cliente/1 [36m304[0m 258.972 ms - -[0m
2025-12-28 21:39:42 [INFO]: [0mGET /cita/cliente/1 [36m304[0m 259.430 ms - -[0m
2025-12-28 21:39:46 [INFO]: [0mGET /cita/cliente/1 [36m304[0m 258.590 ms - -[0m
2025-12-28 21:40:02 [INFO]: [0mGET /cita/cliente/1 [36m304[0m 259.894 ms - -[0m
2025-12-28 21:40:15 [ERROR]: Error al reprogramar cita: SequelizeDatabaseError: Incorrect datetime value: 'Invalid date' for column `Petpoket`.`citas`.`fecha` at row 1
2025-12-28 21:40:15 [INFO]: [0mPUT /cita/reprogramar/9 [31m500[0m 318.791 ms - 140[0m
2025-12-28 21:40:20 [INFO]: [0mPUT /cita/reprogramar/9 [32m200[0m 371.293 ms - 126[0m
2025-12-28 21:40:21 [INFO]: [0mGET /cita/cliente/1 [32m200[0m 261.483 ms - -[0m
2025-12-28 21:42:01 [INFO]: El servidor está escuchando en el puerto 3000
2025-12-28 21:42:01 [INFO]: Base de datos conectada
2025-12-28 21:42:02 [INFO]: Conexión establecida con la base de datos
2025-12-28 21:42:02 [INFO]: ✅ Mongoose conectado a MongoDB en: edisoncloud-shard-00-01.ux4si.mongodb.net
2025-12-28 21:42:02 [INFO]: 🚀 MongoDB conectado correctamente
2025-12-28 21:42:18 [INFO]: El servidor está escuchando en el puerto 3000
2025-12-28 21:42:18 [INFO]: Base de datos conectada
2025-12-28 21:42:19 [INFO]: Conexión establecida con la base de datos
2025-12-28 21:42:20 [INFO]: ✅ Mongoose conectado a MongoDB en: edisoncloud-shard-00-00.ux4si.mongodb.net
2025-12-28 21:42:20 [INFO]: 🚀 MongoDB conectado correctamente
2025-12-28 21:43:07 [INFO]: El servidor está escuchando en el puerto 3000
2025-12-28 21:43:07 [INFO]: Base de datos conectada
2025-12-28 21:43:08 [INFO]: Conexión establecida con la base de datos
2025-12-28 21:43:08 [INFO]: ✅ Mongoose conectado a MongoDB en: edisoncloud-shard-00-00.ux4si.mongodb.net
2025-12-28 21:43:08 [INFO]: 🚀 MongoDB conectado correctamente
2025-12-28 21:43:11 [INFO]: [0mGET /cita/cliente/1 [32m200[0m 1191.952 ms - 2212[0m
2025-12-28 21:43:27 [INFO]: [0mGET /cita/cliente/1 [32m200[0m 252.041 ms - -[0m
2025-12-28 21:43:28 [INFO]: Base de Datos sincronizadas
2025-12-28 21:43:40 [INFO]: [0mGET /cita/verificar-disponibilidad?fecha=2025-12-29&hora=14:48 [32m200[0m 100.168 ms - 50[0m
2025-12-28 21:43:42 [INFO]: [0mGET /cita/verificar-disponibilidad?fecha=2025-12-29&hora=14:48&idVeterinario=4 [32m200[0m 99.666 ms - 50[0m
2025-12-28 21:43:55 [INFO]: [0mPOST /cita/crear [32m201[0m 374.197 ms - 50[0m
2025-12-28 21:43:57 [INFO]: [0mGET /cita/cliente/1 [32m200[0m 252.827 ms - -[0m
2025-12-28 21:44:39 [INFO]: El servidor está escuchando en el puerto 3000
2025-12-28 21:44:39 [INFO]: Base de datos conectada
2025-12-28 21:44:40 [INFO]: Conexión establecida con la base de datos
2025-12-28 21:44:41 [INFO]: ✅ Mongoose conectado a MongoDB en: edisoncloud-shard-00-01.ux4si.mongodb.net
2025-12-28 21:44:41 [INFO]: 🚀 MongoDB conectado correctamente
2025-12-28 21:44:52 [INFO]: [0mGET /cita/cliente/1 [32m200[0m 264.445 ms - 1792[0m
2025-12-28 21:44:59 [INFO]: [0mGET /cita/cliente/1 [32m200[0m 251.712 ms - -[0m
2025-12-28 21:45:03 [INFO]: Base de Datos sincronizadas
2025-12-28 21:45:10 [INFO]: [0mGET /cita/cliente/1 [32m200[0m 250.241 ms - 1792[0m
2025-12-28 21:45:49 [INFO]: [0mGET /cita/cliente/1 [36m304[0m 249.825 ms - -[0m
2025-12-28 21:47:37 [INFO]: [0mGET /cita/cliente/1 [36m304[0m 252.991 ms - -[0m
2025-12-28 21:47:44 [INFO]: [0mPUT /cita/cambiar-estado/9 [33m400[0m 9.645 ms - 89[0m
2025-12-28 21:48:14 [INFO]: [0mGET /cita/cliente/1 [36m304[0m 248.459 ms - -[0m
2025-12-28 21:48:23 [INFO]: [0mGET /cita/cliente/1 [36m304[0m 247.620 ms - -[0m
2025-12-28 21:48:31 [INFO]: [0mPUT /cita/cambiar-estado/9 [33m400[0m 1.348 ms - 89[0m
2025-12-28 21:48:54 [INFO]: [0mGET /cita/cliente/1 [36m304[0m 247.399 ms - -[0m
2025-12-28 21:48:56 [INFO]: [0mPUT /cita/cambiar-estado/9 [32m200[0m 396.404 ms - 66[0m
2025-12-28 21:48:59 [INFO]: [0mGET /cita/cliente/1 [32m200[0m 249.531 ms - -[0m
2025-12-28 21:49:05 [INFO]: [0mDELETE /cita/cancelar/9 [32m200[0m 264.283 ms - 41[0m
2025-12-28 21:49:06 [INFO]: [0mGET /cita/cliente/1 [32m200[0m 248.590 ms - -[0m
2025-12-28 21:49:13 [INFO]: [0mDELETE /cita/cancelar/10 [32m200[0m 266.131 ms - 41[0m
2025-12-28 21:49:15 [INFO]: [0mGET /cita/cliente/1 [32m200[0m 250.038 ms - 923[0m
2025-12-28 21:49:20 [INFO]: [0mDELETE /cita/cancelar/2 [32m200[0m 265.186 ms - 41[0m
2025-12-28 21:49:21 [INFO]: [0mGET /cita/cliente/1 [32m200[0m 251.336 ms - 462[0m
2025-12-28 21:57:48 [INFO]: El servidor está escuchando en el puerto 3000
2025-12-28 21:57:49 [INFO]: Base de datos conectada
2025-12-28 21:57:49 [INFO]: Conexión establecida con la base de datos
2025-12-28 21:57:50 [INFO]: ✅ Mongoose conectado a MongoDB en: edisoncloud-shard-00-02.ux4si.mongodb.net
2025-12-28 21:57:50 [INFO]: 🚀 MongoDB conectado correctamente
2025-12-28 21:58:12 [INFO]: Base de Datos sincronizadas
2025-12-28 22:01:43 [INFO]: El servidor está escuchando en el puerto 3000
2025-12-28 22:01:44 [INFO]: Base de datos conectada
2025-12-28 22:01:44 [INFO]: Conexión establecida con la base de datos
2025-12-28 22:01:45 [INFO]: ✅ Mongoose conectado a MongoDB en: edisoncloud-shard-00-00.ux4si.mongodb.net
2025-12-28 22:01:45 [INFO]: 🚀 MongoDB conectado correctamente
2025-12-28 22:02:07 [INFO]: Base de Datos sincronizadas
2025-12-28 22:03:15 [INFO]: [0mGET /cita/cliente/1 [36m304[0m 270.935 ms - -[0m
2025-12-28 22:15:03 [INFO]: [0mGET /cita/cliente/1 [36m304[0m 252.161 ms - -[0m
2025-12-28 22:15:24 [INFO]: El servidor está escuchando en el puerto 3000
2025-12-28 22:15:24 [INFO]: Base de datos conectada
2025-12-28 22:15:25 [INFO]: Conexión establecida con la base de datos
2025-12-28 22:15:25 [INFO]: ✅ Mongoose conectado a MongoDB en: edisoncloud-shard-00-02.ux4si.mongodb.net
2025-12-28 22:15:25 [INFO]: 🚀 MongoDB conectado correctamente
2025-12-28 22:15:27 [INFO]: [0mGET /cita/cliente/1 [36m304[0m 274.535 ms - -[0m
2025-12-28 22:15:28 [INFO]: [0mGET /cita/cliente/1 [36m304[0m 259.231 ms - -[0m
2025-12-28 22:15:47 [INFO]: Base de Datos sincronizadas
2025-12-28 22:16:13 [INFO]: El servidor está escuchando en el puerto 3000
2025-12-28 22:16:14 [INFO]: Base de datos conectada
2025-12-28 22:16:14 [INFO]: Conexión establecida con la base de datos
2025-12-28 22:16:15 [INFO]: ✅ Mongoose conectado a MongoDB en: edisoncloud-shard-00-01.ux4si.mongodb.net
2025-12-28 22:16:15 [INFO]: 🚀 MongoDB conectado correctamente
2025-12-28 22:16:29 [INFO]: El servidor está escuchando en el puerto 3000
2025-12-28 22:16:29 [INFO]: Base de datos conectada
2025-12-28 22:16:30 [INFO]: Conexión establecida con la base de datos
2025-12-28 22:16:31 [INFO]: ✅ Mongoose conectado a MongoDB en: edisoncloud-shard-00-02.ux4si.mongodb.net
2025-12-28 22:16:31 [INFO]: 🚀 MongoDB conectado correctamente
2025-12-28 22:16:41 [INFO]: [0mGET /cita/cliente/1 [36m304[0m 264.324 ms - -[0m
2025-12-28 22:16:52 [INFO]: Base de Datos sincronizadas
2025-12-28 22:16:54 [INFO]: El servidor está escuchando en el puerto 3000
2025-12-28 22:16:54 [INFO]: Base de datos conectada
2025-12-28 22:16:55 [INFO]: Conexión establecida con la base de datos
2025-12-28 22:16:55 [INFO]: ✅ Mongoose conectado a MongoDB en: edisoncloud-shard-00-02.ux4si.mongodb.net
2025-12-28 22:16:55 [INFO]: 🚀 MongoDB conectado correctamente
2025-12-28 22:16:59 [INFO]: El servidor está escuchando en el puerto 3000
2025-12-28 22:17:00 [INFO]: Base de datos conectada
2025-12-28 22:17:00 [INFO]: Conexión establecida con la base de datos
2025-12-28 22:17:01 [INFO]: ✅ Mongoose conectado a MongoDB en: edisoncloud-shard-00-00.ux4si.mongodb.net
2025-12-28 22:17:01 [INFO]: 🚀 MongoDB conectado correctamente
2025-12-28 22:17:08 [INFO]: El servidor está escuchando en el puerto 3000
2025-12-28 22:17:08 [INFO]: Base de datos conectada
2025-12-28 22:17:09 [INFO]: Conexión establecida con la base de datos
2025-12-28 22:17:10 [INFO]: ✅ Mongoose conectado a MongoDB en: edisoncloud-shard-00-02.ux4si.mongodb.net
2025-12-28 22:17:10 [INFO]: 🚀 MongoDB conectado correctamente
2025-12-28 22:17:31 [INFO]: Base de Datos sincronizadas
2025-12-28 22:17:35 [INFO]: El servidor está escuchando en el puerto 3000
2025-12-28 22:17:35 [INFO]: Base de datos conectada
2025-12-28 22:17:36 [INFO]: Conexión establecida con la base de datos
2025-12-28 22:17:36 [INFO]: ✅ Mongoose conectado a MongoDB en: edisoncloud-shard-00-01.ux4si.mongodb.net
2025-12-28 22:17:36 [INFO]: 🚀 MongoDB conectado correctamente
2025-12-28 22:17:41 [INFO]: El servidor está escuchando en el puerto 3000
2025-12-28 22:17:42 [INFO]: Base de datos conectada
2025-12-28 22:17:42 [INFO]: Conexión establecida con la base de datos
2025-12-28 22:17:43 [INFO]: ✅ Mongoose conectado a MongoDB en: edisoncloud-shard-00-02.ux4si.mongodb.net
2025-12-28 22:17:43 [INFO]: 🚀 MongoDB conectado correctamente
2025-12-28 22:17:52 [INFO]: El servidor está escuchando en el puerto 3000
2025-12-28 22:17:52 [INFO]: Base de datos conectada
2025-12-28 22:17:53 [INFO]: Conexión establecida con la base de datos
2025-12-28 22:17:53 [INFO]: ✅ Mongoose conectado a MongoDB en: edisoncloud-shard-00-01.ux4si.mongodb.net
2025-12-28 22:17:53 [INFO]: 🚀 MongoDB conectado correctamente
2025-12-28 22:18:03 [INFO]: El servidor está escuchando en el puerto 3000
2025-12-28 22:18:03 [INFO]: Base de datos conectada
2025-12-28 22:18:04 [INFO]: Conexión establecida con la base de datos
2025-12-28 22:18:04 [INFO]: ✅ Mongoose conectado a MongoDB en: edisoncloud-shard-00-00.ux4si.mongodb.net
2025-12-28 22:18:04 [INFO]: 🚀 MongoDB conectado correctamente
2025-12-28 22:18:14 [INFO]: El servidor está escuchando en el puerto 3000
2025-12-28 22:18:14 [INFO]: Base de datos conectada
2025-12-28 22:18:15 [INFO]: Conexión establecida con la base de datos
2025-12-28 22:18:16 [INFO]: ✅ Mongoose conectado a MongoDB en: edisoncloud-shard-00-00.ux4si.mongodb.net
2025-12-28 22:18:16 [INFO]: 🚀 MongoDB conectado correctamente
2025-12-28 22:18:43 [INFO]: El servidor está escuchando en el puerto 3000
2025-12-28 22:18:43 [INFO]: Base de datos conectada
2025-12-28 22:18:44 [INFO]: Conexión establecida con la base de datos
2025-12-28 22:18:44 [INFO]: ✅ Mongoose conectado a MongoDB en: edisoncloud-shard-00-00.ux4si.mongodb.net
2025-12-28 22:18:44 [INFO]: 🚀 MongoDB conectado correctamente
2025-12-28 22:18:45 [ERROR]: Error al decodificar: URIError: URI malformed
2025-12-28 22:18:46 [INFO]: [0mPOST /cita/crear [32m201[0m 370.481 ms - 50[0m
2025-12-28 22:18:55 [INFO]: [0mGET /cita/lista [32m200[0m 1170.097 ms - 10180[0m
2025-12-28 22:19:04 [INFO]: Base de Datos sincronizadas
2025-12-28 22:19:10 [INFO]: [0mGET /cita/cliente/1 [32m200[0m 255.758 ms - 918[0m
2025-12-28 22:19:14 [INFO]: [0mGET /cita/cliente/1 [36m304[0m 251.767 ms - -[0m
2025-12-28 22:20:00 [INFO]: El servidor está escuchando en el puerto 3000
2025-12-28 22:20:01 [INFO]: El servidor está escuchando en el puerto 3000
2025-12-28 22:20:01 [INFO]: Base de datos conectada
2025-12-28 22:20:02 [INFO]: Conexión establecida con la base de datos
2025-12-28 22:20:03 [INFO]: ✅ Mongoose conectado a MongoDB en: edisoncloud-shard-00-02.ux4si.mongodb.net
2025-12-28 22:20:03 [INFO]: 🚀 MongoDB conectado correctamente
2025-12-28 22:20:19 [INFO]: El servidor está escuchando en el puerto 3000
2025-12-28 22:20:20 [INFO]: Base de datos conectada
2025-12-28 22:20:20 [INFO]: Conexión establecida con la base de datos
2025-12-28 22:20:21 [INFO]: ✅ Mongoose conectado a MongoDB en: edisoncloud-shard-00-00.ux4si.mongodb.net
2025-12-28 22:20:21 [INFO]: 🚀 MongoDB conectado correctamente
2025-12-28 22:20:43 [INFO]: Base de Datos sincronizadas
2025-12-28 22:20:49 [INFO]: El servidor está escuchando en el puerto 3000
2025-12-28 22:20:49 [INFO]: Base de datos conectada
2025-12-28 22:20:51 [INFO]: El servidor está escuchando en el puerto 3000
2025-12-28 22:20:51 [INFO]: Base de datos conectada
2025-12-28 22:20:53 [INFO]: El servidor está escuchando en el puerto 3000
2025-12-28 22:20:53 [INFO]: Base de datos conectada
2025-12-28 22:20:54 [INFO]: Conexión establecida con la base de datos
2025-12-28 22:20:54 [INFO]: ✅ Mongoose conectado a MongoDB en: edisoncloud-shard-00-01.ux4si.mongodb.net
2025-12-28 22:20:54 [INFO]: 🚀 MongoDB conectado correctamente
2025-12-28 22:20:57 [INFO]: [0mGET /cita/cliente/1 [32m200[0m 272.875 ms - 901[0m
2025-12-28 22:21:17 [INFO]: Base de Datos sincronizadas
2025-12-28 22:21:29 [INFO]: [0mGET /cita/cliente/1 [36m304[0m 260.052 ms - -[0m
2025-12-28 22:22:20 [INFO]: [0mGET /cita/cliente/1 [36m304[0m 256.234 ms - -[0m
2025-12-28 22:22:27 [INFO]: [0mDELETE /cita/cancelar/8 [32m200[0m 382.344 ms - 41[0m
2025-12-28 22:22:29 [INFO]: [0mGET /cita/cliente/1 [32m200[0m 258.942 ms - 449[0m
2025-12-28 22:23:37 [INFO]: [0mGET /cita/cliente/1 [36m304[0m 260.402 ms - -[0m
2025-12-28 22:23:37 [INFO]: [0mGET /cita/cliente/1 [36m304[0m 258.429 ms - -[0m
2025-12-28 22:23:52 [INFO]: El servidor está escuchando en el puerto 3000
2025-12-28 22:23:52 [INFO]: Base de datos conectada
2025-12-28 22:23:53 [INFO]: Conexión establecida con la base de datos
2025-12-28 22:23:53 [INFO]: ✅ Mongoose conectado a MongoDB en: edisoncloud-shard-00-00.ux4si.mongodb.net
2025-12-28 22:23:53 [INFO]: 🚀 MongoDB conectado correctamente
2025-12-28 22:24:15 [INFO]: Base de Datos sincronizadas
2025-12-28 22:25:04 [INFO]: El servidor está escuchando en el puerto 3000
2025-12-28 22:25:05 [INFO]: Base de datos conectada
2025-12-28 22:25:06 [INFO]: Conexión establecida con la base de datos
2025-12-28 22:25:08 [INFO]: ✅ Mongoose conectado a MongoDB en: edisoncloud-shard-00-02.ux4si.mongodb.net
2025-12-28 22:25:08 [INFO]: 🚀 MongoDB conectado correctamente
2025-12-28 22:46:45 [INFO]: El servidor está escuchando en el puerto 3000
2025-12-28 22:46:46 [INFO]: Base de datos conectada
2025-12-28 22:46:46 [INFO]: Conexión establecida con la base de datos
2025-12-28 22:46:48 [INFO]: ✅ Mongoose conectado a MongoDB en: edisoncloud-shard-00-01.ux4si.mongodb.net
2025-12-28 22:46:48 [INFO]: 🚀 MongoDB conectado correctamente
2025-12-28 22:47:06 [INFO]: Base de Datos sincronizadas
2025-12-28 22:47:24 [INFO]: [0mGET /cita/cliente/1 [36m304[0m 275.674 ms - -[0m
2025-12-28 22:47:34 [INFO]: [0mGET /cita/cliente/1 [36m304[0m 247.653 ms - -[0m
2025-12-28 22:47:40 [INFO]: [0mPUT /cita/cambiar-estado/11 [32m200[0m 387.475 ms - 66[0m
2025-12-28 22:47:43 [INFO]: [0mGET /cita/cliente/1 [32m200[0m 246.163 ms - 496[0m
2025-12-28 22:47:46 [INFO]: [0mDELETE /cita/cancelar/11 [32m200[0m 250.273 ms - 41[0m
2025-12-28 22:47:48 [INFO]: [0mGET /cita/cliente/1 [32m200[0m 97.485 ms - 2[0m
2025-12-29 22:53:40 [INFO]: El servidor está escuchando en el puerto 3000
2025-12-29 22:53:40 [INFO]: Base de datos conectada
2025-12-29 22:53:41 [INFO]: Conexión establecida con la base de datos
2025-12-29 22:53:42 [INFO]: ✅ Mongoose conectado a MongoDB en: edisoncloud-shard-00-00.ux4si.mongodb.net
2025-12-29 22:53:42 [INFO]: 🚀 MongoDB conectado correctamente
2025-12-29 22:54:01 [INFO]: Base de Datos sincronizadas
2025-12-29 22:55:46 [INFO]: El servidor está escuchando en el puerto 3000
2025-12-29 22:55:47 [INFO]: Base de datos conectada
2025-12-29 22:55:47 [INFO]: Conexión establecida con la base de datos
2025-12-29 22:55:48 [INFO]: ✅ Mongoose conectado a MongoDB en: edisoncloud-shard-00-01.ux4si.mongodb.net
2025-12-29 22:55:48 [INFO]: 🚀 MongoDB conectado correctamente
2025-12-29 22:55:50 [INFO]: [0mPOST /auth/login [32m200[0m 411.167 ms - 183[0m
2025-12-29 22:56:40 [INFO]: El servidor está escuchando en el puerto 3000
2025-12-29 22:56:40 [INFO]: Base de datos conectada
2025-12-29 22:56:41 [INFO]: Conexión establecida con la base de datos
2025-12-29 22:56:41 [INFO]: ✅ Mongoose conectado a MongoDB en: edisoncloud-shard-00-00.ux4si.mongodb.net
2025-12-29 22:56:41 [INFO]: 🚀 MongoDB conectado correctamente
2025-12-29 22:56:46 [INFO]: [0mGET /cita/cliente/1 [32m200[0m 1196.659 ms - -[0m
2025-12-29 23:18:00 [INFO]: El servidor está escuchando en el puerto 3000
2025-12-29 23:18:00 [INFO]: Base de datos conectada
2025-12-29 23:18:01 [INFO]: Conexión establecida con la base de datos
2025-12-29 23:18:03 [INFO]: ✅ Mongoose conectado a MongoDB en: edisoncloud-shard-00-02.ux4si.mongodb.net
2025-12-29 23:18:03 [INFO]: 🚀 MongoDB conectado correctamente
2025-12-29 23:18:08 [INFO]: [0mPOST /auth/login [32m200[0m 662.425 ms - 188[0m
2025-12-29 23:18:29 [INFO]: [0mGET /cita/cliente/1 [32m200[0m 1732.050 ms - -[0m
2025-12-29 23:18:30 [INFO]: Base de Datos sincronizadas
2025-12-29 23:21:38 [INFO]: [0mDELETE /cita/cancelar/10 [32m200[0m 553.437 ms - 41[0m
2025-12-29 23:21:42 [INFO]: [0mGET /cita/cliente/1 [32m200[0m 1962.519 ms - -[0m
2025-12-29 23:26:26 [INFO]: [0mGET /cita/verificar-disponibilidad?fecha=2025-12-30&hora=10:03 [32m200[0m 153.768 ms - 50[0m
2025-12-29 23:26:26 [INFO]: [0mGET /cita/verificar-disponibilidad?fecha=2025-12-30&hora=10:30 [32m200[0m 134.580 ms - 85[0m
2025-12-29 23:27:43 [INFO]: [0mGET /cita/verificar-disponibilidad?fecha=2025-12-31&hora=10:03 [32m200[0m 141.064 ms - 50[0m
2025-12-29 23:27:44 [INFO]: [0mGET /cita/verificar-disponibilidad?fecha=2025-12-31&hora=10:30 [32m200[0m 135.874 ms - 50[0m
2025-12-29 23:28:38 [INFO]: [0mPOST /cita/crear [32m201[0m 542.240 ms - 50[0m
2025-12-29 23:28:42 [INFO]: [0mGET /cita/cliente/1 [32m200[0m 1954.536 ms - -[0m
2025-12-29 23:28:58 [INFO]: [0mPUT /cita/cambiar-estado/26 [32m200[0m 348.286 ms - 66[0m
2025-12-29 23:29:02 [INFO]: [0mGET /cita/cliente/1 [32m200[0m 375.317 ms - -[0m
2025-12-30 06:12:12 [INFO]: El servidor está escuchando en el puerto 3000
2025-12-30 06:12:14 [INFO]: Base de datos conectada
2025-12-30 06:12:16 [INFO]: ✅ Mongoose conectado a MongoDB en: edisoncloud-shard-00-02.ux4si.mongodb.net
2025-12-30 06:12:16 [INFO]: 🚀 MongoDB conectado correctamente
2025-12-30 06:12:16 [INFO]: Conexión establecida con la base de datos
2025-12-30 06:13:06 [INFO]: Base de Datos sincronizadas
2025-12-30 06:38:45 [INFO]: El servidor está escuchando en el puerto 3000
2025-12-30 06:38:47 [INFO]: Conexión establecida con la base de datos
2025-12-30 06:38:47 [INFO]: Base de datos conectada
2025-12-30 06:38:48 [INFO]: ✅ Mongoose conectado a MongoDB en: edisoncloud-shard-00-02.ux4si.mongodb.net
2025-12-30 06:38:48 [INFO]: 🚀 MongoDB conectado correctamente
2025-12-30 06:39:16 [INFO]: Base de Datos sincronizadas
2025-12-30 06:39:17 [INFO]: [0mPOST /auth/login [33m401[0m 230.973 ms - 67[0m
2025-12-30 06:39:17 [INFO]: [0mPOST /auth/login [33m401[0m 157.139 ms - 67[0m
2025-12-30 06:39:57 [INFO]: [0mPOST /auth/register [32m201[0m 1170.758 ms - 206[0m
2025-12-30 06:40:04 [INFO]: [0mPOST /auth/login [32m200[0m 574.586 ms - 200[0m
2025-12-30 06:40:22 [INFO]: [0mGET /cita/cliente/1 [32m200[0m 145.272 ms - 2[0m
2025-12-30 06:40:37 [INFO]: [0mGET /cita/verificar-disponibilidad?fecha=2025-12-30&hora=10:03 [36m304[0m 284.590 ms - -[0m
2025-12-30 06:40:39 [INFO]: [0mGET /cita/verificar-disponibilidad?fecha=2025-12-30&hora=10:30 [32m200[0m 1767.355 ms - 50[0m
2025-12-30 06:40:39 [INFO]: [0mGET /cita/verificar-disponibilidad?fecha=2025-12-30&hora=10:30&idVeterinario=2 [32m200[0m 148.376 ms - 50[0m
2025-12-30 06:40:50 [INFO]: [0mPOST /cita/crear [32m201[0m 782.012 ms - 49[0m
2025-12-30 06:40:53 [INFO]: [0mGET /cita/cliente/1 [36m304[0m 168.452 ms - -[0m
2025-12-30 06:44:29 [INFO]: El servidor está escuchando en el puerto 3000
2025-12-30 06:44:30 [INFO]: Base de datos conectada
2025-12-30 06:44:32 [INFO]: Conexión establecida con la base de datos
2025-12-30 06:44:33 [INFO]: ✅ Mongoose conectado a MongoDB en: edisoncloud-shard-00-00.ux4si.mongodb.net
2025-12-30 06:44:33 [INFO]: 🚀 MongoDB conectado correctamente
2025-12-30 06:45:10 [INFO]: Base de Datos sincronizadas
2025-12-30 06:45:14 [INFO]: [0mGET /cita/cliente/1 [36m304[0m 199.665 ms - -[0m
2025-12-30 06:45:44 [INFO]: [0mGET /cita/verificar-disponibilidad?fecha=2025-12-30&hora=10:03 [36m304[0m 158.077 ms - -[0m
2025-12-30 06:45:45 [INFO]: [0mGET /cita/verificar-disponibilidad?fecha=2025-12-30&hora=10:30 [36m304[0m 584.400 ms - -[0m
2025-12-30 06:45:46 [INFO]: [0mGET /cita/verificar-disponibilidad?fecha=2025-12-30&hora=10:30&idVeterinario=2 [36m304[0m 221.185 ms - -[0m
2025-12-30 06:45:54 [INFO]: [0mPOST /cita/crear [32m201[0m 668.520 ms - 49[0m
2025-12-30 06:45:56 [INFO]: [0mGET /cita/cliente/1 [36m304[0m 192.204 ms - -[0m
2025-12-30 07:02:45 [INFO]: El servidor está escuchando en el puerto 3000
2025-12-30 07:02:45 [INFO]: Base de datos conectada
2025-12-30 07:02:47 [INFO]: Conexión establecida con la base de datos
2025-12-30 07:02:48 [INFO]: ✅ Mongoose conectado a MongoDB en: edisoncloud-shard-00-02.ux4si.mongodb.net
2025-12-30 07:02:48 [INFO]: 🚀 MongoDB conectado correctamente
2025-12-30 07:03:25 [INFO]: Base de Datos sincronizadas
2025-12-30 07:03:32 [INFO]: [0mGET /cita/cliente/1 [36m304[0m 175.476 ms - -[0m
2025-12-30 07:04:52 [INFO]: [0mGET /cita/verificar-disponibilidad?fecha=2025-12-30&hora=10:03 [36m304[0m 214.152 ms - -[0m
2025-12-30 07:04:53 [INFO]: [0mGET /cita/verificar-disponibilidad?fecha=2025-12-30&hora=10:30 [36m304[0m 868.957 ms - -[0m
2025-12-30 07:04:55 [INFO]: [0mGET /cita/verificar-disponibilidad?fecha=2025-12-30&hora=10:30&idVeterinario=2 [36m304[0m 298.826 ms - -[0m
2025-12-30 07:05:16 [INFO]: [0mPOST /cita/crear [32m201[0m 854.980 ms - 49[0m
2025-12-30 07:05:31 [INFO]: [0mGET /cita/cliente/1 [36m304[0m 213.120 ms - -[0m
2025-12-30 07:06:16 [INFO]: ⚠️  Mongoose desconectado de MongoDB
2025-12-30 07:07:15 [INFO]: [0mGET /cita/verificar-disponibilidad?fecha=2025-12-30&hora=11:03 [32m200[0m 2902.682 ms - 50[0m
2025-12-30 07:07:15 [INFO]: [0mGET /cita/verificar-disponibilidad?fecha=2025-12-30&hora=11:30 [32m200[0m 2452.257 ms - 50[0m
2025-12-30 07:07:15 [INFO]: [0mGET /cita/verificar-disponibilidad?fecha=2025-12-30&hora=11:30&idVeterinario=2 [32m200[0m 163.677 ms - 50[0m
2025-12-30 07:07:23 [INFO]: ✅ Mongoose conectado a MongoDB en: edisoncloud-shard-00-02.ux4si.mongodb.net
2025-12-30 07:07:27 [INFO]: [0mPOST /cita/crear [32m201[0m 2088.186 ms - 49[0m
2025-12-30 07:07:51 [INFO]: [0mGET /cita/cliente/1 [36m304[0m 226.673 ms - -[0m
2025-12-30 07:07:59 [INFO]: [0mGET /cita/verificar-disponibilidad?fecha=2025-12-30&hora=11:06 [32m200[0m 154.353 ms - 50[0m
2025-12-30 07:07:59 [INFO]: [0mGET /cita/verificar-disponibilidad?fecha=2025-12-30&hora=11:59 [32m200[0m 264.085 ms - 50[0m
2025-12-30 07:08:01 [INFO]: [0mGET /cita/verificar-disponibilidad?fecha=2025-12-30&hora=11:04 [32m200[0m 287.756 ms - 50[0m
2025-12-30 07:08:01 [INFO]: [0mGET /cita/verificar-disponibilidad?fecha=2025-12-30&hora=11:40 [32m200[0m 212.745 ms - 50[0m
2025-12-30 07:08:06 [INFO]: [0mGET /cita/verificar-disponibilidad?fecha=2025-12-30&hora=11:40&idVeterinario=3 [32m200[0m 155.515 ms - 50[0m
2025-12-30 07:08:38 [INFO]: [0mPOST /cita/crear [32m201[0m 623.906 ms - 49[0m
2025-12-30 07:08:55 [INFO]: ⚠️  Mongoose desconectado de MongoDB
2025-12-30 07:08:56 [INFO]: [0mGET /cita/cliente/1 [36m304[0m 12722.982 ms - -[0m
2025-12-30 07:14:59 [INFO]: El servidor está escuchando en el puerto 3000
2025-12-30 07:14:59 [INFO]: Base de datos conectada
2025-12-30 07:15:01 [INFO]: Conexión establecida con la base de datos
2025-12-30 07:15:02 [INFO]: ✅ Mongoose conectado a MongoDB en: edisoncloud-shard-00-00.ux4si.mongodb.net
2025-12-30 07:15:02 [INFO]: 🚀 MongoDB conectado correctamente
2025-12-30 07:15:53 [INFO]: Base de Datos sincronizadas
2025-12-30 07:16:09 [INFO]: [0mGET /cita/cliente/1 [36m304[0m 235.933 ms - -[0m
2025-12-30 07:19:53 [INFO]: El servidor está escuchando en el puerto 3000
2025-12-30 07:19:59 [INFO]: Base de datos conectada
2025-12-30 07:20:22 [INFO]: Conexión establecida con la base de datos
2025-12-30 07:20:32 [INFO]: ✅ Mongoose conectado a MongoDB en: edisoncloud-shard-00-02.ux4si.mongodb.net
2025-12-30 07:20:32 [INFO]: 🚀 MongoDB conectado correctamente
2025-12-30 07:20:41 [INFO]: ⚠️  Mongoose desconectado de MongoDB
2025-12-30 07:21:11 [ERROR]: Error al obtener citas del cliente: Error: read ECONNRESET
2025-12-30 07:21:11 [INFO]: [0mGET /cita/cliente/1 [31m500[0m 29243.229 ms - 78[0m
2025-12-30 07:21:50 [INFO]: El servidor está escuchando en el puerto 3000
2025-12-30 07:21:53 [INFO]: Base de datos conectada
2025-12-30 07:22:02 [INFO]: Conexión establecida con la base de datos
2025-12-30 07:22:03 [INFO]: ✅ Mongoose conectado a MongoDB en: edisoncloud-shard-00-01.ux4si.mongodb.net
2025-12-30 07:22:03 [INFO]: 🚀 MongoDB conectado correctamente
2025-12-30 07:22:50 [INFO]: Base de Datos sincronizadas
2025-12-30 07:22:59 [INFO]: [0mGET /cita/cliente/1 [32m200[0m 216.588 ms - 2[0m
2025-12-30 07:25:59 [INFO]: El servidor está escuchando en el puerto 3000
2025-12-30 07:26:00 [INFO]: Base de datos conectada
2025-12-30 07:26:03 [INFO]: Conexión establecida con la base de datos
2025-12-30 07:26:04 [INFO]: ✅ Mongoose conectado a MongoDB en: edisoncloud-shard-00-02.ux4si.mongodb.net
2025-12-30 07:26:04 [INFO]: 🚀 MongoDB conectado correctamente
2025-12-30 07:26:59 [INFO]: Base de Datos sincronizadas
2025-12-30 07:27:16 [INFO]: [0mGET /cita/cliente/1 [36m304[0m 831.560 ms - -[0m
2025-12-30 07:27:40 [INFO]: [0mGET /cita/verificar-disponibilidad?fecha=2025-12-30&hora=10:03 [36m304[0m 7795.438 ms - -[0m
2025-12-30 07:27:43 [ERROR]: Error al verificar disponibilidad: Error: connect ETIMEDOUT
2025-12-30 07:27:43 [INFO]: [0mGET /cita/verificar-disponibilidad?fecha=2025-12-30&hora=10:30 [31m500[0m 10008.901 ms - 75[0m
2025-12-30 07:27:49 [ERROR]: Error al verificar disponibilidad: Error: connect ETIMEDOUT
2025-12-30 07:27:49 [INFO]: [0mGET /cita/verificar-disponibilidad?fecha=2025-12-30&hora=10:30&idVeterinario=2 [31m500[0m 10006.229 ms - 75[0m
2025-12-30 07:28:21 [INFO]: ⚠️  Mongoose desconectado de MongoDB
2025-12-30 07:28:22 [INFO]: ✅ Mongoose conectado a MongoDB en: edisoncloud-shard-00-02.ux4si.mongodb.net
2025-12-30 07:28:24 [INFO]: [0mPOST /cita/crear [32m201[0m 36229.157 ms - 49[0m
2025-12-30 07:28:42 [INFO]: [0mGET /cita/cliente/1 [36m304[0m 161.262 ms - -[0m
2025-12-30 07:31:31 [INFO]: ⚠️  Mongoose desconectado de MongoDB
2025-12-30 07:31:55 [INFO]: ✅ Mongoose conectado a MongoDB en: edisoncloud-shard-00-02.ux4si.mongodb.net
2025-12-30 07:34:36 [INFO]: [0mGET /cita/verificar-disponibilidad?fecha=2025-12-30&hora=10:03 [36m304[0m 203.081 ms - -[0m
2025-12-30 07:34:37 [INFO]: [0mGET /cita/verificar-disponibilidad?fecha=2025-12-30&hora=10:30 [32m200[0m 649.721 ms - 50[0m
2025-12-30 07:34:59 [INFO]: [0mPOST /cita/crear [32m201[0m 2619.945 ms - 49[0m
2025-12-30 07:47:59 [INFO]: El servidor está escuchando en el puerto 3000
2025-12-30 07:48:11 [INFO]: Base de datos conectada
2025-12-30 07:48:13 [INFO]: Conexión establecida con la base de datos
2025-12-30 07:48:15 [INFO]: ✅ Mongoose conectado a MongoDB en: edisoncloud-shard-00-00.ux4si.mongodb.net
2025-12-30 07:48:15 [INFO]: 🚀 MongoDB conectado correctamente
2025-12-30 07:48:46 [INFO]: [0mGET /cita/cliente/1 [0m-[0m - ms - -[0m
2025-12-30 07:48:47 [INFO]: [0mGET /cita/cliente/1 [0m-[0m - ms - -[0m
2025-12-30 07:48:54 [INFO]: [0mGET /cita/cliente/1 [32m200[0m 184.355 ms - 2[0m
2025-12-30 07:48:57 [INFO]: Base de Datos sincronizadas
2025-12-30 07:49:08 [INFO]: [0mGET /cita/verificar-disponibilidad?fecha=2025-12-30&hora=10:03 [36m304[0m 152.732 ms - -[0m
2025-12-30 07:49:08 [INFO]: [0mGET /cita/verificar-disponibilidad?fecha=2025-12-30&hora=10:30 [36m304[0m 128.190 ms - -[0m
2025-12-30 07:49:10 [INFO]: [0mGET /cita/verificar-disponibilidad?fecha=2025-12-30&hora=10:30&idVeterinario=2 [32m200[0m 159.825 ms - 50[0m
2025-12-30 07:49:21 [INFO]: [0mPOST /cita/crear [32m201[0m 756.022 ms - 49[0m
2025-12-30 07:49:27 [INFO]: [0mGET /cita/cliente/1 [36m304[0m 206.758 ms - -[0m
2025-12-30 07:54:36 [INFO]: El servidor está escuchando en el puerto 3000
2025-12-30 07:54:37 [INFO]: Base de datos conectada
2025-12-30 07:54:38 [INFO]: Conexión establecida con la base de datos
2025-12-30 07:54:39 [INFO]: ✅ Mongoose conectado a MongoDB en: edisoncloud-shard-00-01.ux4si.mongodb.net
2025-12-30 07:54:39 [INFO]: 🚀 MongoDB conectado correctamente
2025-12-30 07:55:13 [INFO]: Base de Datos sincronizadas
2025-12-30 07:55:19 [INFO]: [0mGET /cita/cliente/1 [36m304[0m 205.148 ms - -[0m
2025-12-30 07:55:54 [INFO]: [0mGET /cita/verificar-disponibilidad?fecha=2025-12-30&hora=10:03 [36m304[0m 1114.336 ms - -[0m
2025-12-30 07:55:55 [INFO]: [0mGET /cita/verificar-disponibilidad?fecha=2025-12-30&hora=10:30 [36m304[0m 1482.341 ms - -[0m
2025-12-30 07:56:13 [INFO]: [0mGET /cita/verificar-disponibilidad?fecha=2025-12-30&hora=10:30&idVeterinario=2 [36m304[0m 17890.021 ms - -[0m
2025-12-30 07:56:20 [INFO]: [0mPOST /cita/crear [32m201[0m 20521.529 ms - 49[0m
2025-12-30 07:56:28 [INFO]: [0mGET /cita/cliente/1 [36m304[0m 328.260 ms - -[0m
2025-12-30 08:28:45 [INFO]: El servidor está escuchando en el puerto 3000
2025-12-30 08:28:54 [ERROR]: Error inesperado: connect ETIMEDOUT
2025-12-30 08:28:55 [ERROR]: No se pudo conectar a la base de datos: connect ETIMEDOUT
2025-12-30 08:28:55 [ERROR]: Error al sincronizar la Base de Datos: SequelizeConnectionError: connect ETIMEDOUT
2025-12-30 08:29:10 [ERROR]: Error al obtener citas del cliente: Error: connect ETIMEDOUT
2025-12-30 08:29:10 [INFO]: [0mGET /cita/cliente/1 [31m500[0m 10045.541 ms - 80[0m
2025-12-30 08:29:25 [INFO]: ⚠️  Mongoose desconectado de MongoDB
2025-12-30 08:29:44 [INFO]: El servidor está escuchando en el puerto 3000
2025-12-30 08:29:52 [ERROR]: Error inesperado: connect ETIMEDOUT
2025-12-30 08:29:54 [ERROR]: No se pudo conectar a la base de datos: connect ETIMEDOUT
2025-12-30 08:29:54 [ERROR]: Error al sincronizar la Base de Datos: SequelizeConnectionError: connect ETIMEDOUT
2025-12-30 08:30:22 [INFO]: ⚠️  Mongoose desconectado de MongoDB
2025-12-30 08:35:35 [INFO]: El servidor está escuchando en el puerto 3000
2025-12-30 08:35:36 [INFO]: Base de datos conectada
2025-12-30 08:35:37 [INFO]: Conexión establecida con la base de datos
2025-12-30 08:35:38 [INFO]: ✅ Mongoose conectado a MongoDB en: edisoncloud-shard-00-01.ux4si.mongodb.net
2025-12-30 08:35:38 [INFO]: 🚀 MongoDB conectado correctamente
2025-12-30 08:35:45 [INFO]: [0mGET /cita/cliente/1 [32m200[0m 330.667 ms - 2[0m
2025-12-30 08:36:24 [INFO]: Base de Datos sincronizadas
2025-12-30 08:37:14 [ERROR]: Error al verificar disponibilidad: Error: connect ETIMEDOUT
2025-12-30 08:37:14 [INFO]: [0mGET /cita/verificar-disponibilidad?fecha=2025-12-30&hora=10:30 [31m500[0m 10019.965 ms - 75[0m
2025-12-30 08:37:15 [INFO]: [0mGET /cita/verificar-disponibilidad?fecha=2025-12-30&hora=10:03 [36m304[0m 11558.142 ms - -[0m
2025-12-30 08:37:16 [INFO]: [0mGET /cita/verificar-disponibilidad?fecha=2025-12-30&hora=10:30&idVeterinario=2 [36m304[0m 9703.935 ms - -[0m
2025-12-30 08:37:47 [INFO]: [0mPOST /cita/crear [32m201[0m 836.823 ms - 50[0m
2025-12-30 08:37:49 [INFO]: [0mGET /cita/cliente/1 [36m304[0m 406.263 ms - -[0m
2025-12-30 08:37:59 [INFO]: [0mGET /cita/cliente/1 [36m304[0m 323.791 ms - -[0m
2025-12-30 08:38:09 [INFO]: [0mGET /cita/cliente/1 [36m304[0m 230.537 ms - -[0m
2025-12-30 08:47:03 [INFO]: El servidor está escuchando en el puerto 3000
2025-12-30 08:47:04 [INFO]: Base de datos conectada
2025-12-30 08:47:05 [INFO]: Conexión establecida con la base de datos
2025-12-30 08:47:07 [INFO]: ✅ Mongoose conectado a MongoDB en: edisoncloud-shard-00-02.ux4si.mongodb.net
2025-12-30 08:47:07 [INFO]: 🚀 MongoDB conectado correctamente
2025-12-30 08:47:52 [INFO]: El servidor está escuchando en el puerto 3000
2025-12-30 08:47:54 [INFO]: Base de datos conectada
2025-12-30 08:47:55 [INFO]: ✅ Mongoose conectado a MongoDB en: edisoncloud-shard-00-00.ux4si.mongodb.net
2025-12-30 08:47:55 [INFO]: 🚀 MongoDB conectado correctamente
2025-12-30 08:47:55 [INFO]: Conexión establecida con la base de datos
2025-12-30 08:48:10 [INFO]: El servidor está escuchando en el puerto 3000
2025-12-30 08:48:13 [INFO]: Conexión establecida con la base de datos
2025-12-30 08:48:14 [INFO]: Base de datos conectada
2025-12-30 08:48:15 [INFO]: ✅ Mongoose conectado a MongoDB en: edisoncloud-shard-00-02.ux4si.mongodb.net
2025-12-30 08:48:15 [INFO]: 🚀 MongoDB conectado correctamente
2025-12-30 08:48:59 [INFO]: Base de Datos sincronizadas
2025-12-30 08:49:04 [INFO]: [0mGET /cita/cliente/1 [36m304[0m 252.155 ms - -[0m
2025-12-30 08:49:36 [INFO]: El servidor está escuchando en el puerto 3000
2025-12-30 08:49:37 [INFO]: Base de datos conectada
2025-12-30 08:49:38 [INFO]: Conexión establecida con la base de datos
2025-12-30 08:49:42 [INFO]: ✅ Mongoose conectado a MongoDB en: edisoncloud-shard-00-00.ux4si.mongodb.net
2025-12-30 08:49:42 [INFO]: 🚀 MongoDB conectado correctamente
2025-12-30 08:50:03 [INFO]: [0mGET /cita/cliente/1 [36m304[0m 382.832 ms - -[0m
2025-12-30 08:50:04 [INFO]: [0mGET /cita/cliente/1 [36m304[0m 264.294 ms - -[0m
2025-12-30 08:50:25 [INFO]: Base de Datos sincronizadas
2025-12-30 08:55:41 [INFO]: ⚠️  Mongoose desconectado de MongoDB
2025-12-30 08:55:58 [INFO]: ✅ Mongoose conectado a MongoDB en: edisoncloud-shard-00-00.ux4si.mongodb.net
2025-12-30 08:57:11 [INFO]: ⚠️  Mongoose desconectado de MongoDB
2025-12-30 08:58:12 [INFO]: ✅ Mongoose conectado a MongoDB en: edisoncloud-shard-00-00.ux4si.mongodb.net
2025-12-30 08:59:03 [INFO]: ⚠️  Mongoose desconectado de MongoDB
2025-12-30 08:59:14 [INFO]: ✅ Mongoose conectado a MongoDB en: edisoncloud-shard-00-00.ux4si.mongodb.net
2025-12-30 08:59:45 [INFO]: ⚠️  Mongoose desconectado de MongoDB
2025-12-30 09:03:02 [INFO]: ✅ Mongoose conectado a MongoDB en: edisoncloud-shard-00-00.ux4si.mongodb.net
2025-12-30 09:06:43 [INFO]: El servidor está escuchando en el puerto 3000
2025-12-30 09:06:43 [ERROR]: Error inesperado: connect EHOSTUNREACH 31.97.42.126:3306
2025-12-30 09:06:43 [ERROR]: No se pudo conectar a la base de datos: connect EHOSTUNREACH 31.97.42.126:3306
2025-12-30 09:06:43 [ERROR]: Error al sincronizar la Base de Datos: SequelizeHostNotReachableError: connect EHOSTUNREACH 31.97.42.126:3306
2025-12-30 09:13:14 [INFO]: El servidor está escuchando en el puerto 3000
2025-12-30 09:13:22 [ERROR]: Error inesperado: connect ETIMEDOUT
2025-12-30 09:13:24 [ERROR]: No se pudo conectar a la base de datos: connect ETIMEDOUT
2025-12-30 09:13:24 [ERROR]: Error al sincronizar la Base de Datos: SequelizeConnectionError: connect ETIMEDOUT
2025-12-30 09:13:46 [INFO]: El servidor está escuchando en el puerto 3000
2025-12-30 09:13:55 [ERROR]: Error inesperado: connect ETIMEDOUT
2025-12-30 09:13:56 [ERROR]: No se pudo conectar a la base de datos: connect ETIMEDOUT
2025-12-30 09:13:56 [ERROR]: Error al sincronizar la Base de Datos: SequelizeConnectionError: connect ETIMEDOUT
2025-12-30 09:15:28 [INFO]: ⚠️  Mongoose desconectado de MongoDB
2025-12-30 09:19:09 [INFO]: El servidor está escuchando en el puerto 3000
2025-12-30 09:19:11 [INFO]: Base de datos conectada
2025-12-30 09:19:12 [INFO]: Conexión establecida con la base de datos
2025-12-30 09:19:13 [INFO]: ✅ Mongoose conectado a MongoDB en: edisoncloud-shard-00-01.ux4si.mongodb.net
2025-12-30 09:19:13 [INFO]: 🚀 MongoDB conectado correctamente
2025-12-30 09:19:59 [INFO]: Base de Datos sincronizadas
2025-12-30 09:43:22 [INFO]: El servidor está escuchando en el puerto 3000
2025-12-30 09:43:22 [ERROR]: Error inesperado: connect EHOSTUNREACH 31.97.42.126:3306
2025-12-30 09:43:22 [ERROR]: No se pudo conectar a la base de datos: connect EHOSTUNREACH 31.97.42.126:3306
2025-12-30 09:43:22 [ERROR]: Error al sincronizar la Base de Datos: SequelizeHostNotReachableError: connect EHOSTUNREACH 31.97.42.126:3306
2025-12-30 09:43:22 [INFO]: ⚠️  Mongoose desconectado de MongoDB
2025-12-30 10:12:44 [INFO]: El servidor está escuchando en el puerto 3000
2025-12-30 10:12:44 [INFO]: Base de datos conectada
2025-12-30 10:12:46 [INFO]: Conexión establecida con la base de datos
2025-12-30 10:12:47 [INFO]: ✅ Mongoose conectado a MongoDB en: edisoncloud-shard-00-01.ux4si.mongodb.net
2025-12-30 10:12:47 [INFO]: 🚀 MongoDB conectado correctamente
2025-12-30 10:13:31 [INFO]: Base de Datos sincronizadas
2025-12-30 10:21:31 [INFO]: El servidor está escuchando en el puerto 3000
2025-12-30 10:21:31 [INFO]: Base de datos conectada
2025-12-30 10:21:33 [INFO]: Conexión establecida con la base de datos
2025-12-30 10:21:34 [INFO]: ✅ Mongoose conectado a MongoDB en: edisoncloud-shard-00-02.ux4si.mongodb.net
2025-12-30 10:21:34 [INFO]: 🚀 MongoDB conectado correctamente
2025-12-30 10:22:18 [INFO]: Base de Datos sincronizadas
2025-12-30 10:22:28 [INFO]: [0mGET /cita/cliente/1 [32m200[0m 2485.722 ms - -[0m
2025-12-30 10:52:06 [INFO]: El servidor está escuchando en el puerto 3000
2025-12-30 10:52:07 [INFO]: Base de datos conectada
2025-12-30 10:52:08 [INFO]: Conexión establecida con la base de datos
2025-12-30 10:52:09 [INFO]: ✅ Mongoose conectado a MongoDB en: edisoncloud-shard-00-01.ux4si.mongodb.net
2025-12-30 10:52:09 [INFO]: 🚀 MongoDB conectado correctamente
2025-12-30 10:52:16 [INFO]: [0mGET /cita/cliente/1 [36m304[0m 1880.013 ms - -[0m
2025-12-30 10:52:41 [INFO]: Base de Datos sincronizadas
2025-12-30 11:05:32 [INFO]: ⚠️  Mongoose desconectado de MongoDB
2025-12-30 11:05:42 [INFO]: ✅ Mongoose conectado a MongoDB en: edisoncloud-shard-00-01.ux4si.mongodb.net
2025-12-30 11:49:07 [INFO]: El servidor está escuchando en el puerto 3000
2025-12-30 11:49:07 [INFO]: Base de datos conectada
2025-12-30 11:49:08 [INFO]: Conexión establecida con la base de datos
2025-12-30 11:49:09 [INFO]: ✅ Mongoose conectado a MongoDB en: edisoncloud-shard-00-01.ux4si.mongodb.net
2025-12-30 11:49:09 [INFO]: 🚀 MongoDB conectado correctamente
2025-12-30 11:49:22 [WARN]: 404 Not Found: /cita/verificar-disponibilidad?fecha=2025-12-30&hora=10:03
2025-12-30 11:49:22 [WARN]: 404 Not Found: /cita/verificar-disponibilidad?fecha=2025-12-30&hora=10:30
2025-12-30 11:49:22 [INFO]: [0mGET /cita/verificar-disponibilidad?fecha=2025-12-30&hora=10:03 [33m404[0m 11.609 ms - 62[0m
2025-12-30 11:49:26 [WARN]: 404 Not Found: /cita/verificar-disponibilidad?fecha=2025-12-30&hora=10:30&idVeterinario=2
2025-12-30 11:49:26 [INFO]: [0mGET /cita/verificar-disponibilidad?fecha=2025-12-30&hora=10:30&idVeterinario=2 [33m404[0m 2.360 ms - 62[0m
2025-12-30 11:49:26 [INFO]: [0mGET /cita/verificar-disponibilidad?fecha=2025-12-30&hora=10:30 [33m404[0m 3.247 ms - 62[0m
2025-12-30 11:49:26 [ERROR]: Error: read ECONNRESET
    at PromisePool.query (C:\Users\julia\Downloads\petpocket\PetPocket-Backend\node_modules\express-mysql-session\node_modules\mysql2\promise.js:356:22)
    at C:\Users\julia\Downloads\petpocket\PetPocket-Backend\node_modules\express-mysql-session\index.js:384:30
    at new Promise (<anonymous>)
    at MySQLStore.query (C:\Users\julia\Downloads\petpocket\PetPocket-Backend\node_modules\express-mysql-session\index.js:381:10)
    at C:\Users\julia\Downloads\petpocket\PetPocket-Backend\node_modules\express-mysql-session\index.js:232:16
    at process.processTicksAndRejections (node:internal/process/task_queues:103:5)
2025-12-30 11:49:48 [INFO]: [0mGET /cita/cliente/1 [32m200[0m 1416.447 ms - -[0m
2025-12-30 11:50:06 [INFO]: Base de Datos sincronizadas
2025-12-30 11:50:21 [INFO]: [0mPUT /cita/cambiar-estado/1 [32m200[0m 456.009 ms - 66[0m
2025-12-30 11:50:26 [INFO]: [0mGET /cita/cliente/1 [32m200[0m 2904.755 ms - -[0m
2025-12-30 11:50:33 [INFO]: [0mDELETE /cita/cancelar/1 [32m200[0m 290.216 ms - 41[0m
2025-12-30 11:50:35 [INFO]: [0mGET /cita/cliente/1 [32m200[0m 1433.127 ms - -[0m
2025-12-30 12:06:24 [INFO]: El servidor está escuchando en el puerto 3000
2025-12-30 12:06:24 [INFO]: Base de datos conectada
2025-12-30 12:06:25 [INFO]: Conexión establecida con la base de datos
2026-01-03 01:21:59 [INFO]: Base de datos conectada
2026-01-03 01:21:59 [INFO]: Conexión establecida con la base de datos
2026-01-03 01:22:00 [INFO]: ✅ Mongoose conectado a MongoDB en: edisoncloud-shard-00-00.ux4si.mongodb.net
2026-01-03 01:22:00 [INFO]: 🚀 MongoDB conectado correctamente
2026-01-03 01:22:07 [ERROR]: Error al sincronizar la Base de Datos: SequelizeDatabaseError: Incorrect table definition; there can be only one auto column and it must be defined as a key
2026-01-03 01:27:52 [INFO]: ⚠️  Mongoose desconectado de MongoDB
2026-01-03 01:28:18 [INFO]: Base de datos conectada
2026-01-03 01:28:19 [INFO]: Conexión establecida con la base de datos (MySQL/Sequelize)
2026-01-03 01:28:20 [INFO]: ✅ Mongoose conectado a MongoDB en: edisoncloud-shard-00-01.ux4si.mongodb.net
2026-01-03 01:28:20 [INFO]: 🚀 MongoDB conectado correctamente
2026-01-03 01:28:27 [ERROR]: Error al sincronizar la Base de Datos: Incorrect table definition; there can be only one auto column and it must be defined as a key
2026-01-03 02:08:22 [INFO]: ⚠️  Mongoose desconectado de MongoDB
2026-01-03 02:13:48 [INFO]: El servidor está escuchando en el puerto 3000
2026-01-03 02:13:49 [INFO]: Base de datos conectada
2026-01-03 02:13:50 [INFO]: Conexión establecida con la base de datos (MySQL/Sequelize)
2026-01-03 02:13:50 [INFO]: ✅ Mongoose conectado a MongoDB en: edisoncloud-shard-00-02.ux4si.mongodb.net
2026-01-03 02:13:50 [INFO]: 🚀 MongoDB conectado correctamente
2026-01-03 02:13:57 [ERROR]: Error al sincronizar la Base de Datos: Incorrect table definition; there can be only one auto column and it must be defined as a key
2026-01-03 02:13:59 [INFO]: [0mGET /api/servicios/lista [0m-[0m - ms - -[0m
2026-01-03 02:14:00 [INFO]: [0mGET /api/servicios/lista [32m200[0m 1248.986 ms - 907[0m
2026-01-03 02:15:03 [INFO]: [0mGET /api/servicios/lista [36m304[0m 283.017 ms - -[0m
2026-01-03 02:15:03 [INFO]: [0mGET /favicon.ico [33m404[0m 1.408 ms - 48[0m
2026-01-03 02:15:08 [INFO]: [0mGET /api/servicios/lista [36m304[0m 294.775 ms - -[0m
2026-01-03 02:16:24 [INFO]: [0mGET /api/servicios/lista [36m304[0m 312.008 ms - -[0m
2026-01-03 02:20:41 [INFO]: [0mGET /api/servicios/lista [36m304[0m 279.726 ms - -[0m
2026-01-03 02:20:42 [INFO]: [0mGET /api/servicios/lista [36m304[0m 271.733 ms - -[0m
2026-01-03 02:21:07 [INFO]: [0mGET /api/servicios/lista [36m304[0m 266.506 ms - -[0m
2026-01-03 02:27:41 [INFO]: [0mGET /api/servicios/lista [36m304[0m 291.016 ms - -[0m
2026-01-03 02:27:42 [INFO]: [0mGET /api/servicios/lista [36m304[0m 267.711 ms - -[0m
2026-01-03 02:27:43 [INFO]: [0mGET /api/servicios/lista [36m304[0m 267.890 ms - -[0m
2026-01-03 02:27:43 [INFO]: [0mGET /api/servicios/lista [0m-[0m - ms - -[0m
2026-01-03 02:27:43 [INFO]: [0mGET /api/servicios/lista [32m200[0m 291.637 ms - 907[0m
2026-01-03 02:27:49 [INFO]: [0mGET /api/servicios/lista [36m304[0m 263.399 ms - -[0m
2026-01-03 02:27:52 [INFO]: [0mGET /api/servicios/lista [36m304[0m 286.834 ms - -[0m
2026-01-03 02:30:48 [INFO]: [0mGET /api/servicios/lista [36m304[0m 289.246 ms - -[0m
2026-01-03 02:30:53 [INFO]: [0mGET /api/servicios/lista [36m304[0m 276.387 ms - -[0m
2026-01-03 02:31:58 [INFO]: El servidor está escuchando en el puerto 3000
2026-01-03 02:31:59 [INFO]: Base de datos conectada
2026-01-03 02:32:00 [INFO]: Conexión establecida con la base de datos (MySQL/Sequelize)
2026-01-03 02:32:00 [INFO]: ✅ Mongoose conectado a MongoDB en: edisoncloud-shard-00-01.ux4si.mongodb.net
2026-01-03 02:32:00 [INFO]: 🚀 MongoDB conectado correctamente
2026-01-03 11:42:53 [INFO]: El servidor está escuchando en el puerto 3000
2026-01-03 11:42:53 [INFO]: Base de datos conectada
2026-01-03 11:42:54 [INFO]: Conexión establecida con la base de datos (MySQL/Sequelize)
2026-01-03 11:42:55 [INFO]: ✅ Mongoose conectado a MongoDB en: edisoncloud-shard-00-01.ux4si.mongodb.net
2026-01-03 11:42:55 [INFO]: 🚀 MongoDB conectado correctamente
2026-01-03 11:43:04 [ERROR]: Error al sincronizar la Base de Datos: Incorrect table definition; there can be only one auto column and it must be defined as a key
2026-01-03 11:43:22 [INFO]: [0mGET /api/servicios/lista [32m200[0m 1611.745 ms - 907[0m
2026-01-03 11:43:22 [INFO]: [0mGET /favicon.ico [33m404[0m 2.740 ms - 48[0m
2026-01-03 11:47:39 [INFO]: [0mGET /api/servicios/lista [36m304[0m 464.847 ms - -[0m
2026-01-03 11:54:39 [INFO]: [0mGET /api/servicios/lista [36m304[0m 325.485 ms - -[0m
2026-01-03 11:54:45 [INFO]: [0mGET /api/servicios/lista [36m304[0m 452.397 ms - -[0m
2026-01-03 11:55:42 [INFO]: [0mGET /api/servicios/lista [36m304[0m 280.386 ms - -[0m
2026-01-03 11:55:46 [INFO]: [0mGET /api/servicios/lista [36m304[0m 270.351 ms - -[0m
2026-01-03 11:55:51 [INFO]: [0mGET /api/servicios/lista [36m304[0m 282.052 ms - -[0m
2026-01-03 11:55:54 [INFO]: [0mGET /api/servicios/lista [36m304[0m 339.641 ms - -[0m
2026-01-03 11:55:58 [INFO]: [0mGET /api/servicios/lista [36m304[0m 373.790 ms - -[0m
2026-01-03 11:56:00 [INFO]: [0mGET /api/servicios/lista [36m304[0m 348.912 ms - -[0m
2026-01-03 12:04:09 [INFO]: [0mGET /api/servicios/lista [36m304[0m 322.620 ms - -[0m
2026-01-03 12:04:10 [INFO]: [0mGET /api/servicios/lista [36m304[0m 322.400 ms - -[0m
2026-01-03 12:04:19 [INFO]: [0mGET /api/servicios/lista [36m304[0m 305.485 ms - -[0m
2026-01-03 12:04:19 [INFO]: [0mGET /api/servicios/lista [36m304[0m 302.501 ms - -[0m
2026-01-03 12:04:47 [INFO]: [0mGET /api/servicios/lista [36m304[0m 271.129 ms - -[0m
2026-01-03 12:04:47 [INFO]: [0mGET /api/servicios/lista [36m304[0m 278.854 ms - -[0m
2026-01-03 12:18:12 [INFO]: [0mGET /api/servicios/lista [36m304[0m 276.956 ms - -[0m
2026-01-03 12:18:12 [INFO]: [0mGET /api/servicios/lista [0m-[0m - ms - -[0m
2026-01-03 12:18:13 [INFO]: [0mGET /api/servicios/lista [32m200[0m 282.812 ms - 907[0m
2026-01-03 12:18:18 [INFO]: [0mGET /api/servicios/lista [36m304[0m 303.400 ms - -[0m
2026-01-03 12:19:06 [INFO]: El servidor está escuchando en el puerto 3000
2026-01-03 12:19:06 [INFO]: Base de datos conectada
2026-01-03 12:19:07 [INFO]: Conexión establecida con la base de datos (MySQL/Sequelize)
2026-01-03 12:19:08 [INFO]: ✅ Mongoose conectado a MongoDB en: edisoncloud-shard-00-02.ux4si.mongodb.net
2026-01-03 12:19:08 [INFO]: 🚀 MongoDB conectado correctamente
2026-01-03 12:19:16 [INFO]: [0mGET /api/servicios/lista [32m200[0m 17.278 ms - 977[0m
2026-01-03 12:19:18 [ERROR]: Error al sincronizar la Base de Datos: Incorrect table definition; there can be only one auto column and it must be defined as a key
2026-01-03 12:19:30 [INFO]: [0mGET /api/servicios/lista [36m304[0m 1.481 ms - -[0m
2026-01-03 12:19:34 [INFO]: [0mGET /api/servicios/lista [36m304[0m 1.206 ms - -[0m
2026-01-03 12:19:36 [INFO]: [0mGET /api/servicios/lista [36m304[0m 0.963 ms - -[0m
2026-01-03 12:19:40 [INFO]: [0mGET /api/servicios/lista [36m304[0m 1.030 ms - -[0m
2026-01-03 12:19:45 [INFO]: [0mGET /api/servicios/lista [36m304[0m 1.719 ms - -[0m
2026-01-03 12:19:49 [INFO]: [0mGET /api/servicios/lista [36m304[0m 3.170 ms - -[0m
2026-01-03 12:20:40 [INFO]: [0mGET /api/servicios/lista [36m304[0m 4.258 ms - -[0m
2026-01-03 12:20:40 [INFO]: [0mGET /api/servicios/lista [36m304[0m 0.859 ms - -[0m
2026-01-03 12:22:02 [INFO]: El servidor está escuchando en el puerto 3000
2026-01-03 12:22:03 [INFO]: Base de datos conectada
2026-01-03 12:22:04 [INFO]: Conexión establecida con la base de datos (MySQL/Sequelize)
2026-01-03 12:22:05 [INFO]: ✅ Mongoose conectado a MongoDB en: edisoncloud-shard-00-01.ux4si.mongodb.net
2026-01-03 12:22:05 [INFO]: 🚀 MongoDB conectado correctamente
2026-01-03 12:22:05 [INFO]: [0mGET /api/servicios/lista [31m503[0m 32.909 ms - 28[0m
2026-01-03 12:22:07 [INFO]: [0mGET /api/servicios/lista [32m200[0m 64.825 ms - 974[0m
2026-01-03 12:22:14 [ERROR]: Error al sincronizar la Base de Datos: Incorrect table definition; there can be only one auto column and it must be defined as a key
2026-01-03 12:27:52 [INFO]: [0mGET /api/servicios/lista [36m304[0m 2.762 ms - -[0m
2026-01-03 12:27:53 [INFO]: [0mGET /api/servicios/lista [36m304[0m 1.610 ms - -[0m
2026-01-03 12:27:55 [INFO]: [0mGET /api/servicios/lista [36m304[0m 8.531 ms - -[0m
2026-01-03 12:28:16 [INFO]: El servidor está escuchando en el puerto 3000
2026-01-03 12:28:16 [INFO]: [0mGET /api/servicios/lista [31m503[0m 37.112 ms - 28[0m
2026-01-03 12:28:17 [INFO]: Base de datos conectada
2026-01-03 12:28:18 [INFO]: Conexión establecida con la base de datos (MySQL/Sequelize)
2026-01-03 12:28:19 [INFO]: ✅ Mongoose conectado a MongoDB en: edisoncloud-shard-00-02.ux4si.mongodb.net
2026-01-03 12:28:19 [INFO]: 🚀 MongoDB conectado correctamente
2026-01-03 12:28:20 [INFO]: [0mGET /api/servicios/lista [32m200[0m 25.790 ms - 981[0m
2026-01-03 12:28:25 [INFO]: [0mGET /api/servicios/lista [36m304[0m 25.643 ms - -[0m
2026-01-03 12:28:28 [ERROR]: Error al sincronizar la Base de Datos: Incorrect table definition; there can be only one auto column and it must be defined as a key
2026-01-03 12:29:23 [INFO]: El servidor está escuchando en el puerto 3000
2026-01-03 12:29:23 [INFO]: [0mGET /api/servicios/lista [31m503[0m 32.220 ms - 28[0m
2026-01-03 12:29:23 [INFO]: [0mGET /api/servicios/lista [31m503[0m 0.962 ms - 28[0m
2026-01-03 12:29:23 [INFO]: Base de datos conectada
2026-01-03 12:29:24 [INFO]: Conexión establecida con la base de datos (MySQL/Sequelize)
2026-01-03 12:29:25 [INFO]: [0mGET /api/servicios/lista [31m503[0m 1.087 ms - 28[0m
2026-01-03 12:29:25 [INFO]: ✅ Mongoose conectado a MongoDB en: edisoncloud-shard-00-00.ux4si.mongodb.net
2026-01-03 12:29:25 [INFO]: 🚀 MongoDB conectado correctamente
2026-01-03 12:29:26 [INFO]: [0mGET /api/servicios/lista [31m503[0m 3.376 ms - 28[0m
2026-01-03 12:29:29 [INFO]: [0mGET /api/servicios/lista [32m200[0m 9.930 ms - 974[0m
2026-01-03 12:29:33 [INFO]: [0mGET /api/servicios/lista [36m304[0m 2.731 ms - -[0m
2026-01-03 12:29:34 [ERROR]: Error al sincronizar la Base de Datos: Incorrect table definition; there can be only one auto column and it must be defined as a key
2026-01-03 12:29:36 [INFO]: [0mGET /api/servicios/lista [36m304[0m 1.587 ms - -[0m
2026-01-03 12:30:19 [INFO]: [0mGET /api/servicios/lista [36m304[0m 39.420 ms - -[0m
2026-01-03 12:31:00 [INFO]: [0mGET /api/servicios/lista [36m304[0m 2.585 ms - -[0m
2026-01-03 12:31:00 [INFO]: [0mGET /api/servicios/lista [36m304[0m 1.234 ms - -[0m
2026-01-03 12:31:01 [INFO]: [0mGET /api/servicios/lista [36m304[0m 0.758 ms - -[0m
2026-01-03 12:31:02 [INFO]: [0mGET /api/servicios/lista [36m304[0m 0.934 ms - -[0m
2026-01-03 12:31:03 [INFO]: [0mGET /api/servicios/lista [36m304[0m 1.203 ms - -[0m
2026-01-03 12:31:03 [INFO]: [0mGET /api/servicios/lista [36m304[0m 1.201 ms - -[0m
2026-01-03 12:31:03 [INFO]: [0mGET /api/servicios/lista [36m304[0m 2.139 ms - -[0m
2026-01-03 12:31:52 [INFO]: [0mGET /api/servicios/lista [36m304[0m 0.851 ms - -[0m
2026-01-03 12:31:55 [INFO]: [0mGET /api/servicios/lista [36m304[0m 0.821 ms - -[0m
2026-01-03 12:31:55 [INFO]: [0mGET /api/servicios/lista [36m304[0m 0.941 ms - -[0m
2026-01-03 12:31:55 [INFO]: [0mGET /api/servicios/lista [36m304[0m 1.287 ms - -[0m
2026-01-03 12:31:56 [INFO]: [0mGET /api/servicios/lista [36m304[0m 1.081 ms - -[0m
2026-01-03 12:31:56 [INFO]: [0mGET /api/servicios/lista [36m304[0m 1.961 ms - -[0m
2026-01-03 12:31:56 [INFO]: [0mGET /api/servicios/lista [36m304[0m 1.540 ms - -[0m
2026-01-03 12:31:58 [INFO]: [0mGET /api/servicios/lista [36m304[0m 1.725 ms - -[0m
2026-01-03 12:31:59 [INFO]: [0mGET /api/servicios/lista [36m304[0m 2.465 ms - -[0m
2026-01-03 12:31:59 [INFO]: [0mGET /api/servicios/lista [36m304[0m 2.418 ms - -[0m
2026-01-03 12:31:59 [INFO]: [0mGET /api/servicios/lista [36m304[0m 1.268 ms - -[0m
2026-01-03 12:33:08 [INFO]: El servidor está escuchando en el puerto 3000
2026-01-03 12:33:08 [INFO]: [0mGET /api/servicios/lista [31m503[0m 49.963 ms - 28[0m
2026-01-03 12:33:08 [INFO]: Base de datos conectada
2026-01-03 12:33:09 [INFO]: Conexión establecida con la base de datos (MySQL/Sequelize)
2026-01-03 12:33:10 [INFO]: ✅ Mongoose conectado a MongoDB en: edisoncloud-shard-00-00.ux4si.mongodb.net
2026-01-03 12:33:10 [INFO]: 🚀 MongoDB conectado correctamente
2026-01-03 12:33:11 [INFO]: [0mGET /api/servicios/lista [31m503[0m 2.482 ms - 28[0m
2026-01-03 12:33:15 [INFO]: [0mGET /api/servicios/lista [32m200[0m 32.820 ms - 974[0m
2026-01-03 12:33:20 [ERROR]: Error al sincronizar la Base de Datos: Incorrect table definition; there can be only one auto column and it must be defined as a key
2026-01-03 12:36:58 [INFO]: [0mGET /api/servicios/lista [36m304[0m 2.269 ms - -[0m
2026-01-03 12:36:59 [INFO]: [0mGET /api/servicios/lista [36m304[0m 2.371 ms - -[0m
2026-01-03 12:37:00 [INFO]: [0mGET /api/servicios/lista [36m304[0m 2.604 ms - -[0m
2026-01-03 12:37:01 [INFO]: [0mGET /api/servicios/lista [36m304[0m 1.470 ms - -[0m
2026-01-03 12:37:03 [INFO]: [0mGET /api/servicios/lista [36m304[0m 1.230 ms - -[0m
2026-01-03 12:37:06 [INFO]: [0mGET /api/servicios/lista [36m304[0m 0.868 ms - -[0m
2026-01-03 12:37:40 [INFO]: [0mGET /api/servicios/lista [36m304[0m 1.155 ms - -[0m
2026-01-03 12:37:40 [INFO]: [0mGET /api/servicios/lista [36m304[0m 1.244 ms - -[0m
2026-01-03 12:38:59 [INFO]: El servidor está escuchando en el puerto 3000
2026-01-03 12:39:00 [INFO]: Base de datos conectada
2026-01-03 12:39:01 [INFO]: Conexión establecida con la base de datos (MySQL/Sequelize)
2026-01-03 12:39:01 [INFO]: ✅ Mongoose conectado a MongoDB en: edisoncloud-shard-00-00.ux4si.mongodb.net
2026-01-03 12:39:01 [INFO]: 🚀 MongoDB conectado correctamente
2026-01-03 12:39:10 [ERROR]: Error al sincronizar la Base de Datos: Incorrect table definition; there can be only one auto column and it must be defined as a key
2026-01-03 12:39:20 [INFO]: [0mGET /api/servicios/lista [36m304[0m 20.946 ms - -[0m
2026-01-03 12:42:03 [INFO]: El servidor está escuchando en el puerto 3000
2026-01-03 12:42:03 [INFO]: Base de datos conectada
2026-01-03 12:42:04 [INFO]: Conexión establecida con la base de datos (MySQL/Sequelize)
2026-01-03 12:42:06 [INFO]: ✅ Mongoose conectado a MongoDB en: edisoncloud-shard-00-00.ux4si.mongodb.net
2026-01-03 12:42:06 [INFO]: 🚀 MongoDB conectado correctamente
2026-01-03 12:42:08 [INFO]: [0mGET /api/servicios/lista [32m200[0m 49.384 ms - 976[0m
2026-01-03 12:42:14 [ERROR]: Error al sincronizar la Base de Datos: Incorrect table definition; there can be only one auto column and it must be defined as a key
2026-01-03 12:42:21 [INFO]: [0mGET /api/servicios/lista [36m304[0m 3.391 ms - -[0m
2026-01-03 12:42:26 [INFO]: [0mGET /api/servicios/lista [36m304[0m 2.283 ms - -[0m
2026-01-03 12:42:30 [INFO]: [0mGET /api/servicios/lista [36m304[0m 3.729 ms - -[0m
2026-01-03 12:42:32 [INFO]: [0mGET /api/servicios/lista [36m304[0m 1.168 ms - -[0m
2026-01-03 12:45:23 [INFO]: [0mGET /api/servicios/lista [36m304[0m 1.255 ms - -[0m
2026-01-03 12:45:33 [INFO]: [0mGET /api/servicios/lista [36m304[0m 0.826 ms - -[0m
2026-01-03 12:45:39 [INFO]: [0mGET /api/servicios/lista [36m304[0m 0.818 ms - -[0m
2026-01-03 12:45:47 [INFO]: [0mGET /api/servicios/lista [36m304[0m 1.113 ms - -[0m
2026-01-03 12:45:55 [INFO]: [0mGET /api/servicios/lista [36m304[0m 1.424 ms - -[0m
2026-01-03 12:45:56 [INFO]: [0mGET /api/servicios/lista [36m304[0m 0.751 ms - -[0m
2026-01-03 12:46:00 [INFO]: [0mGET /api/servicios/lista [36m304[0m 0.912 ms - -[0m
2026-01-03 12:46:02 [INFO]: [0mGET /api/servicios/lista [36m304[0m 0.721 ms - -[0m
2026-01-03 12:46:16 [INFO]: [0mGET /api/servicios/lista [36m304[0m 0.735 ms - -[0m
2026-01-03 12:46:22 [INFO]: [0mGET /api/servicios/lista [36m304[0m 0.845 ms - -[0m
2026-01-03 12:46:43 [INFO]: [0mGET /api/servicios/lista [36m304[0m 0.606 ms - -[0m
2026-01-03 12:51:50 [INFO]: [0mGET /api/servicios/lista [36m304[0m 1.332 ms - -[0m
2026-01-03 12:51:55 [INFO]: [0mGET /api/servicios/lista [36m304[0m 1.159 ms - -[0m
2026-01-03 12:52:00 [INFO]: [0mGET /api/servicios/lista [36m304[0m 1.228 ms - -[0m
2026-01-03 12:52:05 [INFO]: [0mGET /api/servicios/lista [36m304[0m 0.630 ms - -[0m
2026-01-03 12:52:09 [INFO]: [0mGET /api/servicios/lista [36m304[0m 0.823 ms - -[0m
2026-01-03 12:52:13 [INFO]: [0mGET /api/servicios/lista [36m304[0m 0.986 ms - -[0m
2026-01-03 12:52:17 [INFO]: [0mGET /api/servicios/lista [36m304[0m 0.991 ms - -[0m
2026-01-03 12:52:20 [INFO]: [0mGET /api/servicios/lista [36m304[0m 1.194 ms - -[0m
2026-01-03 12:52:23 [INFO]: [0mGET /api/servicios/lista [36m304[0m 1.256 ms - -[0m
2026-01-03 12:52:26 [INFO]: [0mGET /api/servicios/lista [36m304[0m 1.019 ms - -[0m
2026-01-03 12:52:46 [INFO]: [0mGET /api/servicios/lista [36m304[0m 2.091 ms - -[0m
2026-01-03 12:52:49 [INFO]: [0mGET /api/servicios/lista [36m304[0m 1.205 ms - -[0m
2026-01-03 12:55:54 [INFO]: [0mGET /api/servicios/lista [36m304[0m 1.076 ms - -[0m
2026-01-03 12:55:57 [INFO]: [0mGET /api/servicios/lista [36m304[0m 1.345 ms - -[0m
2026-01-03 12:56:05 [INFO]: [0mGET /api/servicios/lista [36m304[0m 0.674 ms - -[0m
2026-01-03 12:56:09 [INFO]: [0mGET /api/servicios/lista [36m304[0m 0.912 ms - -[0m
2026-01-03 12:56:12 [INFO]: [0mGET /api/servicios/lista [36m304[0m 0.699 ms - -[0m
2026-01-03 12:56:16 [INFO]: [0mGET /api/servicios/lista [36m304[0m 0.669 ms - -[0m
2026-01-03 12:57:14 [INFO]: El servidor está escuchando en el puerto 3000
2026-01-03 12:57:14 [INFO]: Base de datos conectada
2026-01-03 12:57:15 [INFO]: Conexión establecida con la base de datos (MySQL/Sequelize)
2026-01-03 12:57:15 [INFO]: ✅ Mongoose conectado a MongoDB en: edisoncloud-shard-00-01.ux4si.mongodb.net
2026-01-03 12:57:15 [INFO]: 🚀 MongoDB conectado correctamente
2026-01-03 12:57:21 [INFO]: [0mGET /api/servicios/lista [32m200[0m 13.505 ms - 976[0m
2026-01-03 12:57:24 [ERROR]: Error al sincronizar la Base de Datos: Incorrect table definition; there can be only one auto column and it must be defined as a key
2026-01-03 12:57:40 [INFO]: El servidor está escuchando en el puerto 3000
2026-01-03 12:57:40 [INFO]: Base de datos conectada
2026-01-03 12:57:41 [INFO]: Conexión establecida con la base de datos (MySQL/Sequelize)
2026-01-03 12:57:42 [INFO]: ✅ Mongoose conectado a MongoDB en: edisoncloud-shard-00-00.ux4si.mongodb.net
2026-01-03 12:57:42 [INFO]: 🚀 MongoDB conectado correctamente
2026-01-03 12:57:52 [ERROR]: Error al sincronizar la Base de Datos: Incorrect table definition; there can be only one auto column and it must be defined as a key
2026-01-03 13:07:58 [INFO]: [0mGET /api/servicios/lista [32m200[0m 7.166 ms - 975[0m
2026-01-03 13:08:04 [INFO]: [0mGET /api/servicios/lista [36m304[0m 2.501 ms - -[0m
2026-01-03 13:08:10 [INFO]: [0mGET /api/servicios/lista [36m304[0m 5.095 ms - -[0m
2026-01-03 13:08:16 [INFO]: [0mGET /api/servicios/lista [36m304[0m 1.336 ms - -[0m
2026-01-03 13:08:17 [INFO]: [0mGET /api/servicios/lista [36m304[0m 1.033 ms - -[0m
2026-01-03 13:08:17 [INFO]: [0mGET /api/servicios/lista [36m304[0m 1.016 ms - -[0m
2026-01-03 13:08:36 [INFO]: [0mGET /api/servicios/lista [36m304[0m 2.035 ms - -[0m
2026-01-03 13:08:39 [INFO]: [0mGET /api/servicios/lista [36m304[0m 1.235 ms - -[0m
2026-01-03 13:08:43 [INFO]: [0mGET /api/servicios/lista [36m304[0m 1.658 ms - -[0m
2026-01-03 21:50:51 [INFO]: El servidor está escuchando en el puerto 3000
2026-01-03 21:50:51 [INFO]: Base de datos conectada
2026-01-03 21:50:52 [INFO]: Conexión establecida con la base de datos (MySQL/Sequelize)
2026-01-03 21:50:53 [INFO]: ✅ Mongoose conectado a MongoDB en: edisoncloud-shard-00-02.ux4si.mongodb.net
2026-01-03 21:50:53 [INFO]: 🚀 MongoDB conectado correctamente
2026-01-03 21:50:59 [ERROR]: Error al sincronizar la Base de Datos: Incorrect table definition; there can be only one auto column and it must be defined as a key
2026-01-03 21:51:12 [INFO]: [0mGET /api/servicios/lista [32m200[0m 16.639 ms - 975[0m
2026-01-03 21:52:51 [INFO]: [0mGET /api/servicios/lista [36m304[0m 2.563 ms - -[0m
2026-01-03 21:52:57 [INFO]: [0mGET /api/servicios/lista [36m304[0m 1.264 ms - -[0m
2026-01-03 21:53:32 [INFO]: [0mGET /api/servicios/lista [36m304[0m 1.238 ms - -[0m
2026-01-03 21:53:46 [INFO]: [0mGET /api/servicios/lista [36m304[0m 1.472 ms - -[0m
2026-01-03 21:54:19 [INFO]: [0mGET /api/servicios/lista [36m304[0m 1.327 ms - -[0m
2026-01-03 22:50:01 [INFO]: El servidor está escuchando en el puerto 3000
2026-01-03 22:50:02 [INFO]: Base de datos conectada
2026-01-03 22:50:03 [INFO]: Conexión establecida con la base de datos (MySQL/Sequelize)
2026-01-03 22:50:04 [INFO]: ✅ Mongoose conectado a MongoDB en: edisoncloud-shard-00-01.ux4si.mongodb.net
2026-01-03 22:50:04 [INFO]: 🚀 MongoDB conectado correctamente
2026-01-03 22:50:10 [ERROR]: Error al sincronizar la Base de Datos: Incorrect table definition; there can be only one auto column and it must be defined as a key
2026-01-03 22:52:46 [ERROR]: Error en el servicio dinámico: decrypt is not a function
2026-01-03 22:52:46 [INFO]: [0mGET /api/servicios/lista [31m500[0m 123.762 ms - 55[0m
2026-01-03 22:52:50 [ERROR]: Error en el servicio dinámico: decrypt is not a function
2026-01-03 22:52:50 [INFO]: [0mGET /api/servicios/lista [31m500[0m 164.026 ms - 55[0m
2026-01-03 22:52:51 [ERROR]: Error en el servicio dinámico: decrypt is not a function
2026-01-03 22:52:51 [INFO]: [0mGET /api/servicios/lista [31m500[0m 122.969 ms - 55[0m
2026-01-03 22:52:51 [INFO]: [0mGET /api/servicios/lista [0m-[0m - ms - -[0m
2026-01-03 22:52:52 [ERROR]: Error en el servicio dinámico: decrypt is not a function
2026-01-03 22:52:52 [ERROR]: Error en el servicio dinámico: decrypt is not a function
2026-01-03 22:52:52 [INFO]: [0mGET /api/servicios/lista [31m500[0m 138.637 ms - 55[0m
2026-01-03 22:52:52 [ERROR]: Error en el servicio dinámico: decrypt is not a function
2026-01-03 22:52:52 [INFO]: [0mGET /api/servicios/lista [31m500[0m 154.401 ms - 55[0m
2026-01-03 22:52:53 [ERROR]: Error en el servicio dinámico: decrypt is not a function
2026-01-03 22:52:53 [INFO]: [0mGET /api/servicios/lista [31m500[0m 145.073 ms - 55[0m
2026-01-03 22:52:53 [ERROR]: Error en el servicio dinámico: decrypt is not a function
2026-01-03 22:52:53 [INFO]: [0mGET /api/servicios/lista [31m500[0m 139.980 ms - 55[0m
2026-01-03 22:52:54 [ERROR]: Error en el servicio dinámico: decrypt is not a function
2026-01-03 22:52:54 [INFO]: [0mGET /api/servicios/lista [31m500[0m 165.546 ms - 55[0m
2026-01-03 22:52:54 [INFO]: [0mGET /api/servicios/lista [0m-[0m - ms - -[0m
2026-01-03 22:52:55 [ERROR]: Error en el servicio dinámico: decrypt is not a function
2026-01-03 22:52:55 [ERROR]: Error en el servicio dinámico: decrypt is not a function
2026-01-03 22:52:55 [INFO]: [0mGET /api/servicios/lista [31m500[0m 109.672 ms - 55[0m
2026-01-03 22:56:19 [INFO]: El servidor está escuchando en el puerto 3000
2026-01-03 22:56:19 [INFO]: Base de datos conectada
2026-01-03 22:56:20 [INFO]: Conexión establecida con la base de datos (MySQL/Sequelize)
2026-01-03 22:56:21 [INFO]: ✅ Mongoose conectado a MongoDB en: edisoncloud-shard-00-02.ux4si.mongodb.net
2026-01-03 22:56:21 [INFO]: 🚀 MongoDB conectado correctamente
2026-01-03 22:56:28 [ERROR]: Error al sincronizar la Base de Datos: Incorrect table definition; there can be only one auto column and it must be defined as a key
2026-01-03 23:01:36 [INFO]: El servidor está escuchando en el puerto 3000
2026-01-03 23:01:36 [INFO]: Base de datos conectada
2026-01-03 23:01:37 [INFO]: Conexión establecida con la base de datos (MySQL/Sequelize)
2026-01-03 23:01:39 [INFO]: ✅ Mongoose conectado a MongoDB en: edisoncloud-shard-00-00.ux4si.mongodb.net
2026-01-03 23:01:39 [INFO]: 🚀 MongoDB conectado correctamente
2026-01-03 23:01:45 [ERROR]: Error al sincronizar la Base de Datos: Incorrect table definition; there can be only one auto column and it must be defined as a key
2026-01-03 23:02:34 [INFO]: [0mGET /api/servicios/lista [32m200[0m 198.428 ms - 832[0m
2026-01-03 23:02:57 [INFO]: [0mGET /api/servicios/lista [36m304[0m 117.550 ms - -[0m
2026-01-03 23:02:58 [INFO]: [0mGET /api/servicios/lista [36m304[0m 117.873 ms - -[0m
2026-01-03 23:14:45 [INFO]: [0mGET /api/servicios/lista [36m304[0m 226.010 ms - -[0m
2026-01-03 23:14:49 [INFO]: [0mGET /api/servicios/lista [36m304[0m 196.487 ms - -[0m
2026-01-03 23:14:56 [INFO]: [0mGET /api/servicios/lista [0m-[0m - ms - -[0m
2026-01-03 23:14:56 [INFO]: [0mGET /api/servicios/lista [0m-[0m - ms - -[0m
2026-01-03 23:14:56 [INFO]: [0mGET /api/servicios/lista [32m200[0m 545.704 ms - 832[0m
2026-01-03 23:15:07 [INFO]: El servidor está escuchando en el puerto 3000
2026-01-03 23:15:07 [INFO]: Base de datos conectada
2026-01-03 23:15:08 [INFO]: Conexión establecida con la base de datos (MySQL/Sequelize)
2026-01-03 23:15:09 [INFO]: ✅ Mongoose conectado a MongoDB en: edisoncloud-shard-00-02.ux4si.mongodb.net
2026-01-03 23:15:09 [INFO]: 🚀 MongoDB conectado correctamente
2026-01-03 23:15:20 [ERROR]: Error al sincronizar la Base de Datos: Incorrect table definition; there can be only one auto column and it must be defined as a key
2026-01-03 23:15:43 [INFO]: El servidor está escuchando en el puerto 3000
2026-01-03 23:15:43 [INFO]: [0mGET /api/servicios/lista [31m503[0m 26.810 ms - 28[0m
2026-01-03 23:15:44 [INFO]: Base de datos conectada
2026-01-03 23:15:45 [INFO]: Conexión establecida con la base de datos (MySQL/Sequelize)
2026-01-03 23:15:46 [INFO]: ✅ Mongoose conectado a MongoDB en: edisoncloud-shard-00-01.ux4si.mongodb.net
2026-01-03 23:15:46 [INFO]: 🚀 MongoDB conectado correctamente
2026-01-03 23:15:46 [INFO]: [0mGET /api/servicios/lista [31m503[0m 1.034 ms - 28[0m
2026-01-03 23:15:47 [INFO]: [0mGET /api/servicios/lista [0m-[0m - ms - -[0m
2026-01-03 23:15:47 [INFO]: [0mGET /api/servicios/lista [0m-[0m - ms - -[0m
2026-01-03 23:15:47 [INFO]: [0mGET /api/servicios/lista [0m-[0m - ms - -[0m
2026-01-03 23:15:47 [INFO]: [0mGET /api/servicios/lista [0m-[0m - ms - -[0m
2026-01-03 23:15:47 [INFO]: [0mGET /api/servicios/lista [0m-[0m - ms - -[0m
2026-01-03 23:15:47 [INFO]: [0mGET /api/servicios/lista [0m-[0m - ms - -[0m
2026-01-03 23:15:48 [INFO]: [0mGET /api/servicios/lista [32m200[0m 121.189 ms - 832[0m
2026-01-03 23:15:56 [ERROR]: Error al sincronizar la Base de Datos: Incorrect table definition; there can be only one auto column and it must be defined as a key
2026-01-03 23:17:58 [INFO]: [0mGET /api/servicios/lista [36m304[0m 122.125 ms - -[0m
2026-01-03 23:18:16 [INFO]: El servidor está escuchando en el puerto 3000
2026-01-03 23:18:16 [INFO]: [0mGET /api/servicios/lista [31m503[0m 8.650 ms - 28[0m
2026-01-03 23:18:17 [INFO]: Base de datos conectada
2026-01-03 23:18:18 [INFO]: [0mGET /api/servicios/lista [31m503[0m 1.404 ms - 28[0m
2026-01-03 23:18:18 [INFO]: Conexión establecida con la base de datos (MySQL/Sequelize)
2026-01-03 23:18:19 [INFO]: [0mGET /api/servicios/lista [31m503[0m 4.220 ms - 28[0m
2026-01-03 23:18:19 [INFO]: ✅ Mongoose conectado a MongoDB en: edisoncloud-shard-00-00.ux4si.mongodb.net
2026-01-03 23:18:19 [INFO]: 🚀 MongoDB conectado correctamente
2026-01-03 23:18:19 [INFO]: [0mGET /api/servicios/lista [31m503[0m 0.598 ms - 28[0m
2026-01-03 23:18:20 [INFO]: [0mGET /api/servicios/lista [31m503[0m 3.575 ms - 28[0m
2026-01-03 23:18:20 [INFO]: [0mGET /api/servicios/lista [31m503[0m 6.879 ms - 28[0m
2026-01-03 23:18:20 [INFO]: [0mGET /api/servicios/lista [31m503[0m 6.773 ms - 28[0m
2026-01-03 23:18:21 [INFO]: [0mGET /api/servicios/lista [32m200[0m 250.815 ms - 828[0m
2026-01-03 23:18:29 [ERROR]: Error al sincronizar la Base de Datos: Incorrect table definition; there can be only one auto column and it must be defined as a key
2026-01-03 23:20:47 [INFO]: [0mGET /api/servicios/lista [36m304[0m 229.061 ms - -[0m
2026-01-03 23:20:52 [INFO]: [0mGET /api/servicios/lista [36m304[0m 139.066 ms - -[0m
2026-01-03 23:24:14 [INFO]: El servidor está escuchando en el puerto 3000
2026-01-03 23:24:14 [INFO]: Base de datos conectada
2026-01-04 00:35:40 [INFO]: El servidor está escuchando en el puerto 3000
2026-01-04 00:35:41 [INFO]: Base de datos conectada
2026-01-04 00:35:42 [INFO]: Conexión establecida con la base de datos (MySQL/Sequelize)
2026-01-04 00:35:42 [INFO]: ✅ Mongoose conectado a MongoDB en: edisoncloud-shard-00-00.ux4si.mongodb.net
2026-01-04 00:35:42 [INFO]: 🚀 MongoDB conectado correctamente
2026-01-04 00:35:54 [ERROR]: Error al sincronizar la Base de Datos: Incorrect table definition; there can be only one auto column and it must be defined as a key
2026-01-04 00:36:00 [INFO]: [0mGET /api/servicios/lista [36m304[0m 205.411 ms - -[0m
2026-01-04 00:36:06 [INFO]: [0mGET /api/servicios/lista [36m304[0m 116.387 ms - -[0m
2026-01-04 00:36:07 [INFO]: [0mGET /api/servicios/lista [36m304[0m 167.986 ms - -[0m
2026-01-04 00:36:22 [INFO]: [0mGET /api/servicios/lista [36m304[0m 224.331 ms - -[0m
2026-01-04 00:36:30 [INFO]: [0mGET /api/servicios/lista [36m304[0m 172.415 ms - -[0m
